#
# A fatal error has been detected by the Java Runtime Environment:
#
#  EXCEPTION_ACCESS_VIOLATION (0xc0000005) at pc=0x00007ffa4e2e6ab7, pid=18740, tid=21668
#
# JRE version: OpenJDK Runtime Environment Microsoft-25199 (11.0.12+7) (build 11.0.12+7)
# Java VM: OpenJDK 64-Bit Server VM Microsoft-25199 (11.0.12+7, mixed mode, tiered, compressed oops, g1 gc, windows-amd64)
# Problematic frame:
# C  [glass.dll+0x26ab7]
#
# No core dump will be written. Minidumps are not enabled by default on client versions of Windows
#
# If you would like to submit a bug report, please visit:
#   https://github.com/microsoft/openjdk/issues
#

---------------  S U M M A R Y ------------

Command Line: -javaagent:D:\IntelliJ IDEA Community Edition 2022.3.2\lib\idea_rt.jar=58519:D:\IntelliJ IDEA Community Edition 2022.3.2\bin -Dfile.encoding=UTF-8 --module-path=C:\Users\nadez\.m2\repository\org\openjfx\javafx-base\17.0.2\javafx-base-17.0.2-win.jar;C:\Users\nadez\.m2\repository\org\openjfx\javafx-controls\17.0.2\javafx-controls-17.0.2-win.jar;C:\Users\nadez\Car\target\classes;C:\Users\nadez\.m2\repository\org\openjfx\javafx-fxml\17.0.2\javafx-fxml-17.0.2-win.jar;C:\Users\nadez\.m2\repository\org\openjfx\javafx-graphics\17.0.2\javafx-graphics-17.0.2-win.jar -Djdk.module.main=com.example.car com.example.car/com.example.car.Main

Host: AMD Ryzen 5 5500U with Radeon Graphics         , 12 cores, 15G,  Windows 10 , 64 bit Build 22621 (10.0.22621.2215)
Time: Sun Oct 22 16:52:20 2023 Беларусь (зима) elapsed time: 274.237972 seconds (0d 0h 4m 34s)

---------------  T H R E A D  ---------------

Current thread (0x000001d664276000):  VMThread "VM Thread" [stack: 0x000000a696500000,0x000000a696600000] [id=21668]

Stack: [0x000000a696500000,0x000000a696600000],  sp=0x000000a6965ff180,  free space=1020k
Native frames: (J=compiled Java code, j=interpreted, Vv=VM code, C=native code)
C  [glass.dll+0x26ab7]


siginfo: EXCEPTION_ACCESS_VIOLATION (0xc0000005), reading address 0x0000000000000000


Register to memory mapping:

RIP=0x00007ffa4e2e6ab7 glass.dll
RAX=0x0 is NULL
RBX=0x000001d6642aa940 is a global jni handle
RCX=0x000001d664276000 points into unknown readable memory: 0x00007ff9e112d548 | 48 d5 12 e1 f9 7f 00 00
RDX=0x000000a6965ff180 points into unknown readable memory: 0x0000000000000000 | 00 00 00 00 00 00 00 00
RSP=0x000000a6965ff180 points into unknown readable memory: 0x0000000000000000 | 00 00 00 00 00 00 00 00
RBP=0x000001d665191b08 points into unknown readable memory: 0x00007d784ab4cba6 | a6 cb b4 4a 78 7d 00 00
RSI=0x000000a6965ff288 points into unknown readable memory: 0x000000a6965ff270 | 70 f2 5f 96 a6 00 00 00
RDI=0x000001d665191ae0 points into unknown readable memory: 0x8b8fda784aab3535 | 35 35 ab 4a 78 da 8f 8b
R8 =0x0000000000010002 is an unknown value
R9 =0x000001d665191ae0 points into unknown readable memory: 0x8b8fda784aab3535 | 35 35 ab 4a 78 da 8f 8b
R10=0x85f13e9656da4870 is an unknown value
R11=0x000000a6965ff110 points into unknown readable memory: 0x000001d665191ae0 | e0 1a 19 65 d6 01 00 00
R12=0x00007ffa4e2e4384 glass.dll
R13=0x000000a695cfee30 is pointing into the stack for thread: 0x000001d66538e000
R14=0x00007d784ab4cba6 is an unknown value
R15=0x000001d665191ae0 points into unknown readable memory: 0x8b8fda784aab3535 | 35 35 ab 4a 78 da 8f 8b


Registers:
RAX=0x0000000000000000, RBX=0x000001d6642aa940, RCX=0x000001d664276000, RDX=0x000000a6965ff180
RSP=0x000000a6965ff180, RBP=0x000001d665191b08, RSI=0x000000a6965ff288, RDI=0x000001d665191ae0
R8 =0x0000000000010002, R9 =0x000001d665191ae0, R10=0x85f13e9656da4870, R11=0x000000a6965ff110
R12=0x00007ffa4e2e4384, R13=0x000000a695cfee30, R14=0x00007d784ab4cba6, R15=0x000001d665191ae0
RIP=0x00007ffa4e2e6ab7, EFLAGS=0x0000000000010206

Top of Stack: (sp=0x000000a6965ff180)
0x000000a6965ff180:   0000000000000000 000000a6965ff288
0x000000a6965ff190:   000000a695cfee30 00007ffa4e2e4384
0x000000a6965ff1a0:   000001d665191ae8 00007ffa5d6b3a83
0x000000a6965ff1b0:   000001d665191ae0 000001d600000000
0x000000a6965ff1c0:   000001d665191b08 000000a6965ff288
0x000000a6965ff1d0:   fffffffffffffffe 0000000000000000
0x000000a6965ff1e0:   0000000000000001 00007ffa4e2c0000
0x000000a6965ff1f0:   000000a6965ff278 00007ffa5d68006e
0x000000a6965ff200:   0000000000000000 000000a6965ff288
0x000000a6965ff210:   000000a6965ff570 0000000000000001
0x000000a6965ff220:   0000000000000001 00007ffa5d67da1d
0x000000a6965ff230:   0000000000000000 00007ffa4e2e3b7d
0x000000a6965ff240:   0000000000000000 000000a6965ff278
0x000000a6965ff250:   fffffffffffffffe 0000000000000000
0x000000a6965ff260:   0000000000000001 00007ffa4e2e4211
0x000000a6965ff270:   00007ffa4e2fa138 00007ffa00000002 

Instructions: (pc=0x00007ffa4e2e6ab7)
0x00007ffa4e2e69b7:   8b 4d 58 e8 01 cf ff ff 48 8b 4d 60 e8 f8 ce ff
0x00007ffa4e2e69c7:   ff 48 8b 95 80 00 00 00 48 8b 8d 18 01 00 00 e8
0x00007ffa4e2e69d7:   c6 c3 ff ff 33 d2 33 c9 e8 3c e1 ff ff 90 48 89
0x00007ffa4e2e69e7:   54 24 10 55 48 83 ec 20 48 8b ea 48 b8 00 00 00
0x00007ffa4e2e69f7:   00 00 00 00 00 48 83 c4 20 5d c3 cc 40 55 48 8b
0x00007ffa4e2e6a07:   ea 48 8b 01 33 c9 81 38 05 00 00 c0 0f 94 c1 8b
0x00007ffa4e2e6a17:   c1 5d c3 cc 40 55 48 83 ec 20 48 8b ea 8a 4d 40
0x00007ffa4e2e6a27:   48 83 c4 20 5d e9 f7 d2 ff ff cc 40 55 48 83 ec
0x00007ffa4e2e6a37:   20 48 8b ea 8a 4d 20 e8 e5 d2 ff ff 90 48 83 c4
0x00007ffa4e2e6a47:   20 5d c3 cc 40 55 48 83 ec 20 48 8b ea 48 83 c4
0x00007ffa4e2e6a57:   20 5d e9 46 d1 ff ff cc 40 55 48 83 ec 30 48 8b
0x00007ffa4e2e6a67:   ea 48 8b 01 8b 10 48 89 4c 24 28 89 54 24 20 4c
0x00007ffa4e2e6a77:   8d 0d e7 d5 ff ff 4c 8b 45 70 8b 55 68 48 8b 4d
0x00007ffa4e2e6a87:   60 e8 87 d0 ff ff 90 48 83 c4 30 5d c3 cc cc cc
0x00007ffa4e2e6a97:   cc cc cc cc cc cc cc cc cc 40 53 48 83 ec 20 48
0x00007ffa4e2e6aa7:   8b 1d 83 30 01 00 48 85 db 74 16 e8 09 8b ff ff
0x00007ffa4e2e6ab7:   4c 8b 00 48 8b d3 48 8b c8 41 ff 90 b0 00 00 00
0x00007ffa4e2e6ac7:   90 48 83 c4 20 5b c3 cc cc 40 53 48 83 ec 20 48
0x00007ffa4e2e6ad7:   8b 1d fb 31 01 00 48 85 db 74 57 b8 ff ff ff ff
0x00007ffa4e2e6ae7:   f0 0f c1 43 10 83 f8 01 75 3d 48 85 db 74 38 48
0x00007ffa4e2e6af7:   8b 0b 48 85 c9 74 0d ff 15 a4 07 00 00 48 c7 03
0x00007ffa4e2e6b07:   00 00 00 00 48 8b 4b 08 48 85 c9 74 0d e8 a7 cd
0x00007ffa4e2e6b17:   ff ff 48 c7 43 08 00 00 00 00 ba 18 00 00 00 48
0x00007ffa4e2e6b27:   8b cb e8 92 cd ff ff 48 c7 05 9f 31 01 00 00 00
0x00007ffa4e2e6b37:   00 00 48 83 c4 20 5b c3 cc 40 53 48 83 ec 20 48
0x00007ffa4e2e6b47:   8b 1d 6b 31 01 00 48 85 db 74 57 b8 ff ff ff ff
0x00007ffa4e2e6b57:   f0 0f c1 43 10 83 f8 01 75 3d 48 85 db 74 38 48
0x00007ffa4e2e6b67:   8b 0b 48 85 c9 74 0d ff 15 34 07 00 00 48 c7 03
0x00007ffa4e2e6b77:   00 00 00 00 48 8b 4b 08 48 85 c9 74 0d e8 37 cd
0x00007ffa4e2e6b87:   ff ff 48 c7 43 08 00 00 00 00 ba 18 00 00 00 48
0x00007ffa4e2e6b97:   8b cb e8 22 cd ff ff 48 c7 05 0f 31 01 00 00 00
0x00007ffa4e2e6ba7:   00 00 48 83 c4 20 5b c3 cc 40 53 48 83 ec 20 48 


Stack slot to memory mapping:
stack at sp + 0 slots: 0x0 is NULL
stack at sp + 1 slots: 0x000000a6965ff288 points into unknown readable memory: 0x000000a6965ff270 | 70 f2 5f 96 a6 00 00 00
stack at sp + 2 slots: 0x000000a695cfee30 is pointing into the stack for thread: 0x000001d66538e000
stack at sp + 3 slots: 0x00007ffa4e2e4384 glass.dll
stack at sp + 4 slots: 0x000001d665191ae8 points into unknown readable memory: 0x00007d784ab4cba6 | a6 cb b4 4a 78 7d 00 00
stack at sp + 5 slots: 0x00007ffa5d6b3a83 ucrtbase.dll
stack at sp + 6 slots: 0x000001d665191ae0 points into unknown readable memory: 0x8b8fda784aab3535 | 35 35 ab 4a 78 da 8f 8b
stack at sp + 7 slots: 0x000001d600000000 is an unknown value

VM_Operation (0x000000a695cfee30): Exit, mode: safepoint, requested by thread 0x000001d66538e000


---------------  P R O C E S S  ---------------

Threads class SMR info:
_java_thread_list=0x000001d66b71cd10, length=19, elements={
0x000001d63fe16800, 0x000001d66429d800, 0x000001d6642a6000, 0x000001d6642f4800,
0x000001d6642f6000, 0x000001d6642f7000, 0x000001d6642ff800, 0x000001d664300800,
0x000001d664305000, 0x000001d664260800, 0x000001d664cb1800, 0x000001d664f31000,
0x000001d6652d2000, 0x000001d664af7000, 0x000001d665491000, 0x000001d6652b1800,
0x000001d665e7f800, 0x000001d66d99c000, 0x000001d66538e000
}

Java Threads: ( => current thread )
  0x000001d63fe16800 JavaThread "main" [_thread_blocked, id=34912, stack(0x000000a695f00000,0x000000a696000000)]
  0x000001d66429d800 JavaThread "Reference Handler" daemon [_thread_blocked, id=28520, stack(0x000000a696600000,0x000000a696700000)]
  0x000001d6642a6000 JavaThread "Finalizer" daemon [_thread_blocked, id=34016, stack(0x000000a696700000,0x000000a696800000)]
  0x000001d6642f4800 JavaThread "Signal Dispatcher" daemon [_thread_blocked, id=16984, stack(0x000000a696800000,0x000000a696900000)]
  0x000001d6642f6000 JavaThread "Attach Listener" daemon [_thread_blocked, id=19128, stack(0x000000a696900000,0x000000a696a00000)]
  0x000001d6642f7000 JavaThread "Service Thread" daemon [_thread_blocked, id=19296, stack(0x000000a696a00000,0x000000a696b00000)]
  0x000001d6642ff800 JavaThread "C2 CompilerThread0" daemon [_thread_blocked, id=33180, stack(0x000000a696b00000,0x000000a696c00000)]
  0x000001d664300800 JavaThread "C1 CompilerThread0" daemon [_thread_blocked, id=33900, stack(0x000000a696c00000,0x000000a696d00000)]
  0x000001d664305000 JavaThread "Sweeper thread" daemon [_thread_blocked, id=9036, stack(0x000000a696d00000,0x000000a696e00000)]
  0x000001d664260800 JavaThread "Common-Cleaner" daemon [_thread_blocked, id=10280, stack(0x000000a696e00000,0x000000a696f00000)]
  0x000001d664cb1800 JavaThread "Monitor Ctrl-Break" daemon [_thread_in_native, id=35068, stack(0x000000a697100000,0x000000a697200000)]
  0x000001d664f31000 JavaThread "QuantumRenderer-0" daemon [_thread_blocked, id=22808, stack(0x000000a697300000,0x000000a697400000)]
  0x000001d6652d2000 JavaThread "InvokeLaterDispatcher" daemon [_thread_blocked, id=10900, stack(0x000000a697600000,0x000000a697700000)]
  0x000001d664af7000 JavaThread "JavaFX Application Thread" [_thread_in_native, id=12816, stack(0x000000a697700000,0x000000a697800000)]
  0x000001d665491000 JavaThread "Thread-1" daemon [_thread_in_native, id=19268, stack(0x000000a696f00000,0x000000a697000000)]
  0x000001d6652b1800 JavaThread "JavaFX-Launcher" [_thread_blocked, id=35180, stack(0x000000a697f00000,0x000000a698000000)]
  0x000001d665e7f800 JavaThread "Prism Font Disposer" daemon [_thread_blocked, id=26908, stack(0x000000a698600000,0x000000a698700000)]
  0x000001d66d99c000 JavaThread "Cleaner-0" daemon [_thread_blocked, id=17004, stack(0x000000a698b00000,0x000000a698c00000)]
  0x000001d66538e000 JavaThread "SIGINT handler" daemon [_thread_blocked, id=8940, stack(0x000000a695c00000,0x000000a695d00000)]

Other Threads:
=>0x000001d664276000 VMThread "VM Thread" [stack: 0x000000a696500000,0x000000a696600000] [id=21668]
  0x000001d63fe32000 GCTaskThread "GC Thread#0" [stack: 0x000000a696000000,0x000000a696100000] [id=18888]
  0x000001d66548a800 GCTaskThread "GC Thread#1" [stack: 0x000000a698100000,0x000000a698200000] [id=13060]
  0x000001d6654cf800 GCTaskThread "GC Thread#2" [stack: 0x000000a698200000,0x000000a698300000] [id=30880]
  0x000001d6654d0000 GCTaskThread "GC Thread#3" [stack: 0x000000a698300000,0x000000a698400000] [id=15408]
  0x000001d665632000 GCTaskThread "GC Thread#4" [stack: 0x000000a698400000,0x000000a698500000] [id=2896]
  0x000001d665632800 GCTaskThread "GC Thread#5" [stack: 0x000000a698500000,0x000000a698600000] [id=7096]
  0x000001d63fe8a800 ConcurrentGCThread "G1 Main Marker" [stack: 0x000000a696100000,0x000000a696200000] [id=26432]
  0x000001d63fe8c800 ConcurrentGCThread "G1 Conc#0" [stack: 0x000000a696200000,0x000000a696300000] [id=6968]
  0x000001d66bd0a800 ConcurrentGCThread "G1 Conc#1" [stack: 0x000000a698800000,0x000000a698900000] [id=30928]
  0x000001d66bd0b800 ConcurrentGCThread "G1 Conc#2" [stack: 0x000000a698900000,0x000000a698a00000] [id=1452]
  0x000001d663046800 ConcurrentGCThread "G1 Refine#0" [stack: 0x000000a696300000,0x000000a696400000] [id=16716]
  0x000001d663047800 ConcurrentGCThread "G1 Young RemSet Sampling" [stack: 0x000000a696400000,0x000000a696500000] [id=25648]

Threads with active compile tasks:
C1 CompilerThread0 274409 2982       3       java.lang.invoke.Invokers::callSiteForm (306 bytes)

VM state:at safepoint (shutting down)

VM Mutex/Monitor currently owned by a thread:  ([mutex/lock_event])
[0x000001d63fe13500] Threads_lock - owner thread: 0x000001d664276000

Heap address: 0x000000070a800000, size: 3928 MB, Compressed Oops mode: Zero based, Oop shift amount: 3
Narrow klass base: 0x0000000800000000, Narrow klass shift: 0
Compressed class space size: 1073741824 Address: 0x0000000800000000

Heap:
 garbage-first heap   total 251904K, used 22220K [0x000000070a800000, 0x0000000800000000)
  region size 1024K, 21 young (21504K), 7 survivors (7168K)
 Metaspace       used 23987K, capacity 24791K, committed 24880K, reserved 1071104K
  class space    used 2996K, capacity 3352K, committed 3376K, reserved 1048576K
Heap Regions: E=young(eden), S=young(survivor), O=old, HS=humongous(starts), HC=humongous(continues), CS=collection set, F=free, A=archive, TAMS=top-at-mark-start (previous, next)
|   0|0x000000070a800000, 0x000000070a900000, 0x000000070a900000|100%|HS|  |TAMS 0x000000070a800000, 0x000000070a800000| Complete 
|   1|0x000000070a900000, 0x000000070aa00000, 0x000000070aa00000|100%|HC|  |TAMS 0x000000070a900000, 0x000000070a900000| Complete 
|   2|0x000000070aa00000, 0x000000070aa00000, 0x000000070ab00000|  0%| F|  |TAMS 0x000000070aa00000, 0x000000070aa00000| Untracked 
|   3|0x000000070ab00000, 0x000000070ab00000, 0x000000070ac00000|  0%| F|  |TAMS 0x000000070ab00000, 0x000000070ab00000| Untracked 
|   4|0x000000070ac00000, 0x000000070ac00000, 0x000000070ad00000|  0%| F|  |TAMS 0x000000070ac00000, 0x000000070ac00000| Untracked 
|   5|0x000000070ad00000, 0x000000070ad00000, 0x000000070ae00000|  0%| F|  |TAMS 0x000000070ad00000, 0x000000070ad00000| Untracked 
|   6|0x000000070ae00000, 0x000000070ae00000, 0x000000070af00000|  0%| F|  |TAMS 0x000000070ae00000, 0x000000070ae00000| Untracked 
|   7|0x000000070af00000, 0x000000070af00000, 0x000000070b000000|  0%| F|  |TAMS 0x000000070af00000, 0x000000070af00000| Untracked 
|   8|0x000000070b000000, 0x000000070b000000, 0x000000070b100000|  0%| F|  |TAMS 0x000000070b000000, 0x000000070b000000| Untracked 
|   9|0x000000070b100000, 0x000000070b100000, 0x000000070b200000|  0%| F|  |TAMS 0x000000070b100000, 0x000000070b100000| Untracked 
|  10|0x000000070b200000, 0x000000070b200000, 0x000000070b300000|  0%| F|  |TAMS 0x000000070b200000, 0x000000070b200000| Untracked 
|  11|0x000000070b300000, 0x000000070b300000, 0x000000070b400000|  0%| F|  |TAMS 0x000000070b300000, 0x000000070b300000| Untracked 
|  12|0x000000070b400000, 0x000000070b400000, 0x000000070b500000|  0%| F|  |TAMS 0x000000070b400000, 0x000000070b400000| Untracked 
|  13|0x000000070b500000, 0x000000070b500000, 0x000000070b600000|  0%| F|  |TAMS 0x000000070b500000, 0x000000070b500000| Untracked 
|  14|0x000000070b600000, 0x000000070b600000, 0x000000070b700000|  0%| F|  |TAMS 0x000000070b600000, 0x000000070b600000| Untracked 
|  15|0x000000070b700000, 0x000000070b700000, 0x000000070b800000|  0%| F|  |TAMS 0x000000070b700000, 0x000000070b700000| Untracked 
|  16|0x000000070b800000, 0x000000070b800000, 0x000000070b900000|  0%| F|  |TAMS 0x000000070b800000, 0x000000070b800000| Untracked 
|  17|0x000000070b900000, 0x000000070b900000, 0x000000070ba00000|  0%| F|  |TAMS 0x000000070b900000, 0x000000070b900000| Untracked 
|  18|0x000000070ba00000, 0x000000070ba00000, 0x000000070bb00000|  0%| F|  |TAMS 0x000000070ba00000, 0x000000070ba00000| Untracked 
|  19|0x000000070bb00000, 0x000000070bb00000, 0x000000070bc00000|  0%| F|  |TAMS 0x000000070bb00000, 0x000000070bb00000| Untracked 
|  20|0x000000070bc00000, 0x000000070bc00000, 0x000000070bd00000|  0%| F|  |TAMS 0x000000070bc00000, 0x000000070bc00000| Untracked 
|  21|0x000000070bd00000, 0x000000070bd00000, 0x000000070be00000|  0%| F|  |TAMS 0x000000070bd00000, 0x000000070bd00000| Untracked 
|  22|0x000000070be00000, 0x000000070be00000, 0x000000070bf00000|  0%| F|  |TAMS 0x000000070be00000, 0x000000070be00000| Untracked 
|  23|0x000000070bf00000, 0x000000070bf00000, 0x000000070c000000|  0%| F|  |TAMS 0x000000070bf00000, 0x000000070bf00000| Untracked 
|  24|0x000000070c000000, 0x000000070c000000, 0x000000070c100000|  0%| F|  |TAMS 0x000000070c000000, 0x000000070c000000| Untracked 
|  25|0x000000070c100000, 0x000000070c100000, 0x000000070c200000|  0%| F|  |TAMS 0x000000070c100000, 0x000000070c100000| Untracked 
|  26|0x000000070c200000, 0x000000070c200000, 0x000000070c300000|  0%| F|  |TAMS 0x000000070c200000, 0x000000070c200000| Untracked 
|  27|0x000000070c300000, 0x000000070c300000, 0x000000070c400000|  0%| F|  |TAMS 0x000000070c300000, 0x000000070c300000| Untracked 
|  28|0x000000070c400000, 0x000000070c400000, 0x000000070c500000|  0%| F|  |TAMS 0x000000070c400000, 0x000000070c400000| Untracked 
|  29|0x000000070c500000, 0x000000070c500000, 0x000000070c600000|  0%| F|  |TAMS 0x000000070c500000, 0x000000070c500000| Untracked 
|  30|0x000000070c600000, 0x000000070c600000, 0x000000070c700000|  0%| F|  |TAMS 0x000000070c600000, 0x000000070c600000| Untracked 
|  31|0x000000070c700000, 0x000000070c700000, 0x000000070c800000|  0%| F|  |TAMS 0x000000070c700000, 0x000000070c700000| Untracked 
|  32|0x000000070c800000, 0x000000070c800000, 0x000000070c900000|  0%| F|  |TAMS 0x000000070c800000, 0x000000070c800000| Untracked 
|  33|0x000000070c900000, 0x000000070c900000, 0x000000070ca00000|  0%| F|  |TAMS 0x000000070c900000, 0x000000070c900000| Untracked 
|  34|0x000000070ca00000, 0x000000070ca00000, 0x000000070cb00000|  0%| F|  |TAMS 0x000000070ca00000, 0x000000070ca00000| Untracked 
|  35|0x000000070cb00000, 0x000000070cb00000, 0x000000070cc00000|  0%| F|  |TAMS 0x000000070cb00000, 0x000000070cb00000| Untracked 
|  36|0x000000070cc00000, 0x000000070cc00000, 0x000000070cd00000|  0%| F|  |TAMS 0x000000070cc00000, 0x000000070cc00000| Untracked 
|  37|0x000000070cd00000, 0x000000070cd00000, 0x000000070ce00000|  0%| F|  |TAMS 0x000000070cd00000, 0x000000070cd00000| Untracked 
|  38|0x000000070ce00000, 0x000000070ce00000, 0x000000070cf00000|  0%| F|  |TAMS 0x000000070ce00000, 0x000000070ce00000| Untracked 
|  39|0x000000070cf00000, 0x000000070cf00000, 0x000000070d000000|  0%| F|  |TAMS 0x000000070cf00000, 0x000000070cf00000| Untracked 
|  40|0x000000070d000000, 0x000000070d000000, 0x000000070d100000|  0%| F|  |TAMS 0x000000070d000000, 0x000000070d000000| Untracked 
|  41|0x000000070d100000, 0x000000070d100000, 0x000000070d200000|  0%| F|  |TAMS 0x000000070d100000, 0x000000070d100000| Untracked 
|  42|0x000000070d200000, 0x000000070d200000, 0x000000070d300000|  0%| F|  |TAMS 0x000000070d200000, 0x000000070d200000| Untracked 
|  43|0x000000070d300000, 0x000000070d300000, 0x000000070d400000|  0%| F|  |TAMS 0x000000070d300000, 0x000000070d300000| Untracked 
|  44|0x000000070d400000, 0x000000070d400000, 0x000000070d500000|  0%| F|  |TAMS 0x000000070d400000, 0x000000070d400000| Untracked 
|  45|0x000000070d500000, 0x000000070d500000, 0x000000070d600000|  0%| F|  |TAMS 0x000000070d500000, 0x000000070d500000| Untracked 
|  46|0x000000070d600000, 0x000000070d600000, 0x000000070d700000|  0%| F|  |TAMS 0x000000070d600000, 0x000000070d600000| Untracked 
|  47|0x000000070d700000, 0x000000070d700000, 0x000000070d800000|  0%| F|  |TAMS 0x000000070d700000, 0x000000070d700000| Untracked 
|  48|0x000000070d800000, 0x000000070d800000, 0x000000070d900000|  0%| F|  |TAMS 0x000000070d800000, 0x000000070d800000| Untracked 
|  49|0x000000070d900000, 0x000000070d900000, 0x000000070da00000|  0%| F|  |TAMS 0x000000070d900000, 0x000000070d900000| Untracked 
|  50|0x000000070da00000, 0x000000070da00000, 0x000000070db00000|  0%| F|  |TAMS 0x000000070da00000, 0x000000070da00000| Untracked 
|  51|0x000000070db00000, 0x000000070db00000, 0x000000070dc00000|  0%| F|  |TAMS 0x000000070db00000, 0x000000070db00000| Untracked 
|  52|0x000000070dc00000, 0x000000070dc00000, 0x000000070dd00000|  0%| F|  |TAMS 0x000000070dc00000, 0x000000070dc00000| Untracked 
|  53|0x000000070dd00000, 0x000000070dd00000, 0x000000070de00000|  0%| F|  |TAMS 0x000000070dd00000, 0x000000070dd00000| Untracked 
|  54|0x000000070de00000, 0x000000070de00000, 0x000000070df00000|  0%| F|  |TAMS 0x000000070de00000, 0x000000070de00000| Untracked 
|  55|0x000000070df00000, 0x000000070df00000, 0x000000070e000000|  0%| F|  |TAMS 0x000000070df00000, 0x000000070df00000| Untracked 
|  56|0x000000070e000000, 0x000000070e000000, 0x000000070e100000|  0%| F|  |TAMS 0x000000070e000000, 0x000000070e000000| Untracked 
|  57|0x000000070e100000, 0x000000070e100000, 0x000000070e200000|  0%| F|  |TAMS 0x000000070e100000, 0x000000070e100000| Untracked 
|  58|0x000000070e200000, 0x000000070e200000, 0x000000070e300000|  0%| F|  |TAMS 0x000000070e200000, 0x000000070e200000| Untracked 
|  59|0x000000070e300000, 0x000000070e300000, 0x000000070e400000|  0%| F|  |TAMS 0x000000070e300000, 0x000000070e300000| Untracked 
|  60|0x000000070e400000, 0x000000070e400000, 0x000000070e500000|  0%| F|  |TAMS 0x000000070e400000, 0x000000070e400000| Untracked 
|  61|0x000000070e500000, 0x000000070e500000, 0x000000070e600000|  0%| F|  |TAMS 0x000000070e500000, 0x000000070e500000| Untracked 
|  62|0x000000070e600000, 0x000000070e600000, 0x000000070e700000|  0%| F|  |TAMS 0x000000070e600000, 0x000000070e600000| Untracked 
|  63|0x000000070e700000, 0x000000070e700000, 0x000000070e800000|  0%| F|  |TAMS 0x000000070e700000, 0x000000070e700000| Untracked 
|  64|0x000000070e800000, 0x000000070e800000, 0x000000070e900000|  0%| F|  |TAMS 0x000000070e800000, 0x000000070e800000| Untracked 
|  65|0x000000070e900000, 0x000000070e900000, 0x000000070ea00000|  0%| F|  |TAMS 0x000000070e900000, 0x000000070e900000| Untracked 
|  66|0x000000070ea00000, 0x000000070ea00000, 0x000000070eb00000|  0%| F|  |TAMS 0x000000070ea00000, 0x000000070ea00000| Untracked 
|  67|0x000000070eb00000, 0x000000070eb00000, 0x000000070ec00000|  0%| F|  |TAMS 0x000000070eb00000, 0x000000070eb00000| Untracked 
|  68|0x000000070ec00000, 0x000000070ec00000, 0x000000070ed00000|  0%| F|  |TAMS 0x000000070ec00000, 0x000000070ec00000| Untracked 
|  69|0x000000070ed00000, 0x000000070ed00000, 0x000000070ee00000|  0%| F|  |TAMS 0x000000070ed00000, 0x000000070ed00000| Untracked 
|  70|0x000000070ee00000, 0x000000070ee00000, 0x000000070ef00000|  0%| F|  |TAMS 0x000000070ee00000, 0x000000070ee00000| Untracked 
|  71|0x000000070ef00000, 0x000000070ef00000, 0x000000070f000000|  0%| F|  |TAMS 0x000000070ef00000, 0x000000070ef00000| Untracked 
|  72|0x000000070f000000, 0x000000070f000000, 0x000000070f100000|  0%| F|  |TAMS 0x000000070f000000, 0x000000070f000000| Untracked 
|  73|0x000000070f100000, 0x000000070f100000, 0x000000070f200000|  0%| F|  |TAMS 0x000000070f100000, 0x000000070f100000| Untracked 
|  74|0x000000070f200000, 0x000000070f200000, 0x000000070f300000|  0%| F|  |TAMS 0x000000070f200000, 0x000000070f200000| Untracked 
|  75|0x000000070f300000, 0x000000070f300000, 0x000000070f400000|  0%| F|  |TAMS 0x000000070f300000, 0x000000070f300000| Untracked 
|  76|0x000000070f400000, 0x000000070f400000, 0x000000070f500000|  0%| F|  |TAMS 0x000000070f400000, 0x000000070f400000| Untracked 
|  77|0x000000070f500000, 0x000000070f500000, 0x000000070f600000|  0%| F|  |TAMS 0x000000070f500000, 0x000000070f500000| Untracked 
|  78|0x000000070f600000, 0x000000070f600000, 0x000000070f700000|  0%| F|  |TAMS 0x000000070f600000, 0x000000070f600000| Untracked 
|  79|0x000000070f700000, 0x000000070f700000, 0x000000070f800000|  0%| F|  |TAMS 0x000000070f700000, 0x000000070f700000| Untracked 
|  80|0x000000070f800000, 0x000000070f800000, 0x000000070f900000|  0%| F|  |TAMS 0x000000070f800000, 0x000000070f800000| Untracked 
|  81|0x000000070f900000, 0x000000070f900000, 0x000000070fa00000|  0%| F|  |TAMS 0x000000070f900000, 0x000000070f900000| Untracked 
|  82|0x000000070fa00000, 0x000000070fa00000, 0x000000070fb00000|  0%| F|  |TAMS 0x000000070fa00000, 0x000000070fa00000| Untracked 
|  83|0x000000070fb00000, 0x000000070fb00000, 0x000000070fc00000|  0%| F|  |TAMS 0x000000070fb00000, 0x000000070fb00000| Untracked 
|  84|0x000000070fc00000, 0x000000070fc00000, 0x000000070fd00000|  0%| F|  |TAMS 0x000000070fc00000, 0x000000070fc00000| Untracked 
|  85|0x000000070fd00000, 0x000000070fd00000, 0x000000070fe00000|  0%| F|  |TAMS 0x000000070fd00000, 0x000000070fd00000| Untracked 
|  86|0x000000070fe00000, 0x000000070fe00000, 0x000000070ff00000|  0%| F|  |TAMS 0x000000070fe00000, 0x000000070fe00000| Untracked 
|  87|0x000000070ff00000, 0x000000070ff00000, 0x0000000710000000|  0%| F|  |TAMS 0x000000070ff00000, 0x000000070ff00000| Untracked 
|  88|0x0000000710000000, 0x0000000710000000, 0x0000000710100000|  0%| F|  |TAMS 0x0000000710000000, 0x0000000710000000| Untracked 
|  89|0x0000000710100000, 0x0000000710100000, 0x0000000710200000|  0%| F|  |TAMS 0x0000000710100000, 0x0000000710100000| Untracked 
|  90|0x0000000710200000, 0x0000000710200000, 0x0000000710300000|  0%| F|  |TAMS 0x0000000710200000, 0x0000000710200000| Untracked 
|  91|0x0000000710300000, 0x0000000710300000, 0x0000000710400000|  0%| F|  |TAMS 0x0000000710300000, 0x0000000710300000| Untracked 
|  92|0x0000000710400000, 0x0000000710400000, 0x0000000710500000|  0%| F|  |TAMS 0x0000000710400000, 0x0000000710400000| Untracked 
|  93|0x0000000710500000, 0x0000000710500000, 0x0000000710600000|  0%| F|  |TAMS 0x0000000710500000, 0x0000000710500000| Untracked 
|  94|0x0000000710600000, 0x0000000710600000, 0x0000000710700000|  0%| F|  |TAMS 0x0000000710600000, 0x0000000710600000| Untracked 
|  95|0x0000000710700000, 0x0000000710700000, 0x0000000710800000|  0%| F|  |TAMS 0x0000000710700000, 0x0000000710700000| Untracked 
|  96|0x0000000710800000, 0x0000000710800000, 0x0000000710900000|  0%| F|  |TAMS 0x0000000710800000, 0x0000000710800000| Untracked 
|  97|0x0000000710900000, 0x0000000710900000, 0x0000000710a00000|  0%| F|  |TAMS 0x0000000710900000, 0x0000000710900000| Untracked 
|  98|0x0000000710a00000, 0x0000000710a00000, 0x0000000710b00000|  0%| F|  |TAMS 0x0000000710a00000, 0x0000000710a00000| Untracked 
|  99|0x0000000710b00000, 0x0000000710b00000, 0x0000000710c00000|  0%| F|  |TAMS 0x0000000710b00000, 0x0000000710b00000| Untracked 
| 100|0x0000000710c00000, 0x0000000710c00000, 0x0000000710d00000|  0%| F|  |TAMS 0x0000000710c00000, 0x0000000710c00000| Untracked 
| 101|0x0000000710d00000, 0x0000000710d00000, 0x0000000710e00000|  0%| F|  |TAMS 0x0000000710d00000, 0x0000000710d00000| Untracked 
| 102|0x0000000710e00000, 0x0000000710e00000, 0x0000000710f00000|  0%| F|  |TAMS 0x0000000710e00000, 0x0000000710e00000| Untracked 
| 103|0x0000000710f00000, 0x0000000710f00000, 0x0000000711000000|  0%| F|  |TAMS 0x0000000710f00000, 0x0000000710f00000| Untracked 
| 104|0x0000000711000000, 0x0000000711000000, 0x0000000711100000|  0%| F|  |TAMS 0x0000000711000000, 0x0000000711000000| Untracked 
| 105|0x0000000711100000, 0x0000000711100000, 0x0000000711200000|  0%| F|  |TAMS 0x0000000711100000, 0x0000000711100000| Untracked 
| 106|0x0000000711200000, 0x0000000711200000, 0x0000000711300000|  0%| F|  |TAMS 0x0000000711200000, 0x0000000711200000| Untracked 
| 107|0x0000000711300000, 0x0000000711300000, 0x0000000711400000|  0%| F|  |TAMS 0x0000000711300000, 0x0000000711300000| Untracked 
| 108|0x0000000711400000, 0x0000000711400000, 0x0000000711500000|  0%| F|  |TAMS 0x0000000711400000, 0x0000000711400000| Untracked 
| 109|0x0000000711500000, 0x0000000711500000, 0x0000000711600000|  0%| F|  |TAMS 0x0000000711500000, 0x0000000711500000| Untracked 
| 110|0x0000000711600000, 0x0000000711600000, 0x0000000711700000|  0%| F|  |TAMS 0x0000000711600000, 0x0000000711600000| Untracked 
| 111|0x0000000711700000, 0x0000000711700000, 0x0000000711800000|  0%| F|  |TAMS 0x0000000711700000, 0x0000000711700000| Untracked 
| 112|0x0000000711800000, 0x0000000711800000, 0x0000000711900000|  0%| F|  |TAMS 0x0000000711800000, 0x0000000711800000| Untracked 
| 113|0x0000000711900000, 0x0000000711900000, 0x0000000711a00000|  0%| F|  |TAMS 0x0000000711900000, 0x0000000711900000| Untracked 
| 114|0x0000000711a00000, 0x0000000711a00000, 0x0000000711b00000|  0%| F|  |TAMS 0x0000000711a00000, 0x0000000711a00000| Untracked 
| 115|0x0000000711b00000, 0x0000000711b00000, 0x0000000711c00000|  0%| F|  |TAMS 0x0000000711b00000, 0x0000000711b00000| Untracked 
| 116|0x0000000711c00000, 0x0000000711c00000, 0x0000000711d00000|  0%| F|  |TAMS 0x0000000711c00000, 0x0000000711c00000| Untracked 
| 117|0x0000000711d00000, 0x0000000711d00000, 0x0000000711e00000|  0%| F|  |TAMS 0x0000000711d00000, 0x0000000711d00000| Untracked 
| 118|0x0000000711e00000, 0x0000000711e00000, 0x0000000711f00000|  0%| F|  |TAMS 0x0000000711e00000, 0x0000000711e00000| Untracked 
| 119|0x0000000711f00000, 0x0000000711f00000, 0x0000000712000000|  0%| F|  |TAMS 0x0000000711f00000, 0x0000000711f00000| Untracked 
| 120|0x0000000712000000, 0x0000000712000000, 0x0000000712100000|  0%| F|  |TAMS 0x0000000712000000, 0x0000000712000000| Untracked 
| 121|0x0000000712100000, 0x0000000712100000, 0x0000000712200000|  0%| F|  |TAMS 0x0000000712100000, 0x0000000712100000| Untracked 
| 122|0x0000000712200000, 0x0000000712200000, 0x0000000712300000|  0%| F|  |TAMS 0x0000000712200000, 0x0000000712200000| Untracked 
| 123|0x0000000712300000, 0x0000000712300000, 0x0000000712400000|  0%| F|  |TAMS 0x0000000712300000, 0x0000000712300000| Untracked 
| 124|0x0000000712400000, 0x0000000712400000, 0x0000000712500000|  0%| F|  |TAMS 0x0000000712400000, 0x0000000712400000| Untracked 
| 125|0x0000000712500000, 0x0000000712500000, 0x0000000712600000|  0%| F|  |TAMS 0x0000000712500000, 0x0000000712500000| Untracked 
| 126|0x0000000712600000, 0x0000000712600000, 0x0000000712700000|  0%| F|  |TAMS 0x0000000712600000, 0x0000000712600000| Untracked 
| 127|0x0000000712700000, 0x0000000712700000, 0x0000000712800000|  0%| F|  |TAMS 0x0000000712700000, 0x0000000712700000| Untracked 
| 128|0x0000000712800000, 0x0000000712800000, 0x0000000712900000|  0%| F|  |TAMS 0x0000000712800000, 0x0000000712800000| Untracked 
| 129|0x0000000712900000, 0x0000000712900000, 0x0000000712a00000|  0%| F|  |TAMS 0x0000000712900000, 0x0000000712900000| Untracked 
| 130|0x0000000712a00000, 0x0000000712a00000, 0x0000000712b00000|  0%| F|  |TAMS 0x0000000712a00000, 0x0000000712a00000| Untracked 
| 131|0x0000000712b00000, 0x0000000712b00000, 0x0000000712c00000|  0%| F|  |TAMS 0x0000000712b00000, 0x0000000712b00000| Untracked 
| 132|0x0000000712c00000, 0x0000000712c00000, 0x0000000712d00000|  0%| F|  |TAMS 0x0000000712c00000, 0x0000000712c00000| Untracked 
| 133|0x0000000712d00000, 0x0000000712d00000, 0x0000000712e00000|  0%| F|  |TAMS 0x0000000712d00000, 0x0000000712d00000| Untracked 
| 134|0x0000000712e00000, 0x0000000712e00000, 0x0000000712f00000|  0%| F|  |TAMS 0x0000000712e00000, 0x0000000712e00000| Untracked 
| 135|0x0000000712f00000, 0x0000000712f00000, 0x0000000713000000|  0%| F|  |TAMS 0x0000000712f00000, 0x0000000712f00000| Untracked 
| 136|0x0000000713000000, 0x0000000713000000, 0x0000000713100000|  0%| F|  |TAMS 0x0000000713000000, 0x0000000713000000| Untracked 
| 137|0x0000000713100000, 0x0000000713100000, 0x0000000713200000|  0%| F|  |TAMS 0x0000000713100000, 0x0000000713100000| Untracked 
| 138|0x0000000713200000, 0x0000000713200000, 0x0000000713300000|  0%| F|  |TAMS 0x0000000713200000, 0x0000000713200000| Untracked 
| 139|0x0000000713300000, 0x0000000713300000, 0x0000000713400000|  0%| F|  |TAMS 0x0000000713300000, 0x0000000713300000| Untracked 
| 140|0x0000000713400000, 0x0000000713400000, 0x0000000713500000|  0%| F|  |TAMS 0x0000000713400000, 0x0000000713400000| Untracked 
| 141|0x0000000713500000, 0x0000000713500000, 0x0000000713600000|  0%| F|  |TAMS 0x0000000713500000, 0x0000000713500000| Untracked 
| 142|0x0000000713600000, 0x0000000713600000, 0x0000000713700000|  0%| F|  |TAMS 0x0000000713600000, 0x0000000713600000| Untracked 
| 143|0x0000000713700000, 0x0000000713700000, 0x0000000713800000|  0%| F|  |TAMS 0x0000000713700000, 0x0000000713700000| Untracked 
| 144|0x0000000713800000, 0x0000000713800000, 0x0000000713900000|  0%| F|  |TAMS 0x0000000713800000, 0x0000000713800000| Untracked 
| 145|0x0000000713900000, 0x0000000713900000, 0x0000000713a00000|  0%| F|  |TAMS 0x0000000713900000, 0x0000000713900000| Untracked 
| 146|0x0000000713a00000, 0x0000000713a00000, 0x0000000713b00000|  0%| F|  |TAMS 0x0000000713a00000, 0x0000000713a00000| Untracked 
| 147|0x0000000713b00000, 0x0000000713b00000, 0x0000000713c00000|  0%| F|  |TAMS 0x0000000713b00000, 0x0000000713b00000| Untracked 
| 148|0x0000000713c00000, 0x0000000713c00000, 0x0000000713d00000|  0%| F|  |TAMS 0x0000000713c00000, 0x0000000713c00000| Untracked 
| 149|0x0000000713d00000, 0x0000000713d00000, 0x0000000713e00000|  0%| F|  |TAMS 0x0000000713d00000, 0x0000000713d00000| Untracked 
| 150|0x0000000713e00000, 0x0000000713e00000, 0x0000000713f00000|  0%| F|  |TAMS 0x0000000713e00000, 0x0000000713e00000| Untracked 
| 151|0x0000000713f00000, 0x0000000713f00000, 0x0000000714000000|  0%| F|  |TAMS 0x0000000713f00000, 0x0000000713f00000| Untracked 
| 152|0x0000000714000000, 0x0000000714000000, 0x0000000714100000|  0%| F|  |TAMS 0x0000000714000000, 0x0000000714000000| Untracked 
| 153|0x0000000714100000, 0x0000000714100000, 0x0000000714200000|  0%| F|  |TAMS 0x0000000714100000, 0x0000000714100000| Untracked 
| 154|0x0000000714200000, 0x0000000714200000, 0x0000000714300000|  0%| F|  |TAMS 0x0000000714200000, 0x0000000714200000| Untracked 
| 155|0x0000000714300000, 0x0000000714300000, 0x0000000714400000|  0%| F|  |TAMS 0x0000000714300000, 0x0000000714300000| Untracked 
| 156|0x0000000714400000, 0x0000000714400000, 0x0000000714500000|  0%| F|  |TAMS 0x0000000714400000, 0x0000000714400000| Untracked 
| 157|0x0000000714500000, 0x0000000714500000, 0x0000000714600000|  0%| F|  |TAMS 0x0000000714500000, 0x0000000714500000| Untracked 
| 158|0x0000000714600000, 0x0000000714600000, 0x0000000714700000|  0%| F|  |TAMS 0x0000000714600000, 0x0000000714600000| Untracked 
| 159|0x0000000714700000, 0x0000000714700000, 0x0000000714800000|  0%| F|  |TAMS 0x0000000714700000, 0x0000000714700000| Untracked 
| 160|0x0000000714800000, 0x0000000714800000, 0x0000000714900000|  0%| F|  |TAMS 0x0000000714800000, 0x0000000714800000| Untracked 
| 161|0x0000000714900000, 0x0000000714900000, 0x0000000714a00000|  0%| F|  |TAMS 0x0000000714900000, 0x0000000714900000| Untracked 
| 162|0x0000000714a00000, 0x0000000714a00000, 0x0000000714b00000|  0%| F|  |TAMS 0x0000000714a00000, 0x0000000714a00000| Untracked 
| 163|0x0000000714b00000, 0x0000000714b00000, 0x0000000714c00000|  0%| F|  |TAMS 0x0000000714b00000, 0x0000000714b00000| Untracked 
| 164|0x0000000714c00000, 0x0000000714c00000, 0x0000000714d00000|  0%| F|  |TAMS 0x0000000714c00000, 0x0000000714c00000| Untracked 
| 165|0x0000000714d00000, 0x0000000714d00000, 0x0000000714e00000|  0%| F|  |TAMS 0x0000000714d00000, 0x0000000714d00000| Untracked 
| 166|0x0000000714e00000, 0x0000000714e00000, 0x0000000714f00000|  0%| F|  |TAMS 0x0000000714e00000, 0x0000000714e00000| Untracked 
| 167|0x0000000714f00000, 0x0000000714f00000, 0x0000000715000000|  0%| F|  |TAMS 0x0000000714f00000, 0x0000000714f00000| Untracked 
| 168|0x0000000715000000, 0x0000000715000000, 0x0000000715100000|  0%| F|  |TAMS 0x0000000715000000, 0x0000000715000000| Untracked 
| 169|0x0000000715100000, 0x0000000715100000, 0x0000000715200000|  0%| F|  |TAMS 0x0000000715100000, 0x0000000715100000| Untracked 
| 170|0x0000000715200000, 0x0000000715200000, 0x0000000715300000|  0%| F|  |TAMS 0x0000000715200000, 0x0000000715200000| Untracked 
| 171|0x0000000715300000, 0x0000000715300000, 0x0000000715400000|  0%| F|  |TAMS 0x0000000715300000, 0x0000000715300000| Untracked 
| 172|0x0000000715400000, 0x0000000715400000, 0x0000000715500000|  0%| F|  |TAMS 0x0000000715400000, 0x0000000715400000| Untracked 
| 173|0x0000000715500000, 0x0000000715500000, 0x0000000715600000|  0%| F|  |TAMS 0x0000000715500000, 0x0000000715500000| Untracked 
| 174|0x0000000715600000, 0x0000000715600000, 0x0000000715700000|  0%| F|  |TAMS 0x0000000715600000, 0x0000000715600000| Untracked 
| 175|0x0000000715700000, 0x0000000715700000, 0x0000000715800000|  0%| F|  |TAMS 0x0000000715700000, 0x0000000715700000| Untracked 
| 176|0x0000000715800000, 0x0000000715800000, 0x0000000715900000|  0%| F|  |TAMS 0x0000000715800000, 0x0000000715800000| Untracked 
| 177|0x0000000715900000, 0x0000000715900000, 0x0000000715a00000|  0%| F|  |TAMS 0x0000000715900000, 0x0000000715900000| Untracked 
| 178|0x0000000715a00000, 0x0000000715a00000, 0x0000000715b00000|  0%| F|  |TAMS 0x0000000715a00000, 0x0000000715a00000| Untracked 
| 179|0x0000000715b00000, 0x0000000715b00000, 0x0000000715c00000|  0%| F|  |TAMS 0x0000000715b00000, 0x0000000715b00000| Untracked 
| 180|0x0000000715c00000, 0x0000000715c00000, 0x0000000715d00000|  0%| F|  |TAMS 0x0000000715c00000, 0x0000000715c00000| Untracked 
| 181|0x0000000715d00000, 0x0000000715d00000, 0x0000000715e00000|  0%| F|  |TAMS 0x0000000715d00000, 0x0000000715d00000| Untracked 
| 182|0x0000000715e00000, 0x0000000715e00000, 0x0000000715f00000|  0%| F|  |TAMS 0x0000000715e00000, 0x0000000715e00000| Untracked 
| 183|0x0000000715f00000, 0x0000000715f00000, 0x0000000716000000|  0%| F|  |TAMS 0x0000000715f00000, 0x0000000715f00000| Untracked 
| 184|0x0000000716000000, 0x0000000716000000, 0x0000000716100000|  0%| F|  |TAMS 0x0000000716000000, 0x0000000716000000| Untracked 
| 185|0x0000000716100000, 0x0000000716100000, 0x0000000716200000|  0%| F|  |TAMS 0x0000000716100000, 0x0000000716100000| Untracked 
| 186|0x0000000716200000, 0x0000000716200000, 0x0000000716300000|  0%| F|  |TAMS 0x0000000716200000, 0x0000000716200000| Untracked 
| 187|0x0000000716300000, 0x0000000716300000, 0x0000000716400000|  0%| F|  |TAMS 0x0000000716300000, 0x0000000716300000| Untracked 
| 188|0x0000000716400000, 0x0000000716400000, 0x0000000716500000|  0%| F|  |TAMS 0x0000000716400000, 0x0000000716400000| Untracked 
| 189|0x0000000716500000, 0x0000000716500000, 0x0000000716600000|  0%| F|  |TAMS 0x0000000716500000, 0x0000000716500000| Untracked 
| 190|0x0000000716600000, 0x0000000716600000, 0x0000000716700000|  0%| F|  |TAMS 0x0000000716600000, 0x0000000716600000| Untracked 
| 191|0x0000000716700000, 0x0000000716700000, 0x0000000716800000|  0%| F|  |TAMS 0x0000000716700000, 0x0000000716700000| Untracked 
| 192|0x0000000716800000, 0x0000000716800000, 0x0000000716900000|  0%| F|  |TAMS 0x0000000716800000, 0x0000000716800000| Untracked 
| 193|0x0000000716900000, 0x0000000716900000, 0x0000000716a00000|  0%| F|  |TAMS 0x0000000716900000, 0x0000000716900000| Untracked 
| 194|0x0000000716a00000, 0x0000000716a00000, 0x0000000716b00000|  0%| F|  |TAMS 0x0000000716a00000, 0x0000000716a00000| Untracked 
| 195|0x0000000716b00000, 0x0000000716b00000, 0x0000000716c00000|  0%| F|  |TAMS 0x0000000716b00000, 0x0000000716b00000| Untracked 
| 196|0x0000000716c00000, 0x0000000716c00000, 0x0000000716d00000|  0%| F|  |TAMS 0x0000000716c00000, 0x0000000716c00000| Untracked 
| 197|0x0000000716d00000, 0x0000000716d00000, 0x0000000716e00000|  0%| F|  |TAMS 0x0000000716d00000, 0x0000000716d00000| Untracked 
| 198|0x0000000716e00000, 0x0000000716e00000, 0x0000000716f00000|  0%| F|  |TAMS 0x0000000716e00000, 0x0000000716e00000| Untracked 
| 199|0x0000000716f00000, 0x0000000716f00000, 0x0000000717000000|  0%| F|  |TAMS 0x0000000716f00000, 0x0000000716f00000| Untracked 
| 200|0x0000000717000000, 0x0000000717000000, 0x0000000717100000|  0%| F|  |TAMS 0x0000000717000000, 0x0000000717000000| Untracked 
| 201|0x0000000717100000, 0x0000000717100000, 0x0000000717200000|  0%| F|  |TAMS 0x0000000717100000, 0x0000000717100000| Untracked 
| 202|0x0000000717200000, 0x0000000717200000, 0x0000000717300000|  0%| F|  |TAMS 0x0000000717200000, 0x0000000717200000| Untracked 
| 203|0x0000000717300000, 0x0000000717300000, 0x0000000717400000|  0%| F|  |TAMS 0x0000000717300000, 0x0000000717300000| Untracked 
| 204|0x0000000717400000, 0x0000000717400000, 0x0000000717500000|  0%| F|  |TAMS 0x0000000717400000, 0x0000000717400000| Untracked 
| 205|0x0000000717500000, 0x0000000717500000, 0x0000000717600000|  0%| F|  |TAMS 0x0000000717500000, 0x0000000717500000| Untracked 
| 206|0x0000000717600000, 0x0000000717600000, 0x0000000717700000|  0%| F|  |TAMS 0x0000000717600000, 0x0000000717600000| Untracked 
| 207|0x0000000717700000, 0x0000000717700000, 0x0000000717800000|  0%| F|  |TAMS 0x0000000717700000, 0x0000000717700000| Untracked 
| 208|0x0000000717800000, 0x00000007178b33b8, 0x0000000717900000| 70%| S|CS|TAMS 0x0000000717800000, 0x0000000717800000| Complete 
| 209|0x0000000717900000, 0x0000000717a00000, 0x0000000717a00000|100%| S|CS|TAMS 0x0000000717900000, 0x0000000717900000| Complete 
| 210|0x0000000717a00000, 0x0000000717b00000, 0x0000000717b00000|100%| S|CS|TAMS 0x0000000717a00000, 0x0000000717a00000| Complete 
| 211|0x0000000717b00000, 0x0000000717c00000, 0x0000000717c00000|100%| S|CS|TAMS 0x0000000717b00000, 0x0000000717b00000| Complete 
| 212|0x0000000717c00000, 0x0000000717d00000, 0x0000000717d00000|100%| S|CS|TAMS 0x0000000717c00000, 0x0000000717c00000| Complete 
| 213|0x0000000717d00000, 0x0000000717e00000, 0x0000000717e00000|100%| S|CS|TAMS 0x0000000717d00000, 0x0000000717d00000| Complete 
| 214|0x0000000717e00000, 0x0000000717f00000, 0x0000000717f00000|100%| S|CS|TAMS 0x0000000717e00000, 0x0000000717e00000| Complete 
| 215|0x0000000717f00000, 0x0000000717f00000, 0x0000000718000000|  0%| F|  |TAMS 0x0000000717f00000, 0x0000000717f00000| Untracked 
| 216|0x0000000718000000, 0x0000000718000000, 0x0000000718100000|  0%| F|  |TAMS 0x0000000718000000, 0x0000000718000000| Untracked 
| 217|0x0000000718100000, 0x0000000718100000, 0x0000000718200000|  0%| F|  |TAMS 0x0000000718100000, 0x0000000718100000| Untracked 
| 218|0x0000000718200000, 0x0000000718200000, 0x0000000718300000|  0%| F|  |TAMS 0x0000000718200000, 0x0000000718200000| Untracked 
| 219|0x0000000718300000, 0x0000000718300000, 0x0000000718400000|  0%| F|  |TAMS 0x0000000718300000, 0x0000000718300000| Untracked 
| 220|0x0000000718400000, 0x0000000718400000, 0x0000000718500000|  0%| F|  |TAMS 0x0000000718400000, 0x0000000718400000| Untracked 
| 221|0x0000000718500000, 0x0000000718500000, 0x0000000718600000|  0%| F|  |TAMS 0x0000000718500000, 0x0000000718500000| Untracked 
| 222|0x0000000718600000, 0x0000000718600000, 0x0000000718700000|  0%| F|  |TAMS 0x0000000718600000, 0x0000000718600000| Untracked 
| 223|0x0000000718700000, 0x0000000718700000, 0x0000000718800000|  0%| F|  |TAMS 0x0000000718700000, 0x0000000718700000| Untracked 
| 224|0x0000000718800000, 0x0000000718800000, 0x0000000718900000|  0%| F|  |TAMS 0x0000000718800000, 0x0000000718800000| Untracked 
| 225|0x0000000718900000, 0x0000000718900000, 0x0000000718a00000|  0%| F|  |TAMS 0x0000000718900000, 0x0000000718900000| Untracked 
| 226|0x0000000718a00000, 0x0000000718a00000, 0x0000000718b00000|  0%| F|  |TAMS 0x0000000718a00000, 0x0000000718a00000| Untracked 
| 227|0x0000000718b00000, 0x0000000718b00000, 0x0000000718c00000|  0%| F|  |TAMS 0x0000000718b00000, 0x0000000718b00000| Untracked 
| 228|0x0000000718c00000, 0x0000000718c00000, 0x0000000718d00000|  0%| F|  |TAMS 0x0000000718c00000, 0x0000000718c00000| Untracked 
| 229|0x0000000718d00000, 0x0000000718d00000, 0x0000000718e00000|  0%| F|  |TAMS 0x0000000718d00000, 0x0000000718d00000| Untracked 
| 230|0x0000000718e00000, 0x0000000718e00000, 0x0000000718f00000|  0%| F|  |TAMS 0x0000000718e00000, 0x0000000718e00000| Untracked 
| 231|0x0000000718f00000, 0x0000000718f00000, 0x0000000719000000|  0%| F|  |TAMS 0x0000000718f00000, 0x0000000718f00000| Untracked 
| 232|0x0000000719000000, 0x00000007190547c0, 0x0000000719100000| 33%| E|  |TAMS 0x0000000719000000, 0x0000000719000000| Complete 
| 233|0x0000000719100000, 0x0000000719200000, 0x0000000719200000|100%| E|CS|TAMS 0x0000000719100000, 0x0000000719100000| Complete 
| 234|0x0000000719200000, 0x0000000719300000, 0x0000000719300000|100%| E|CS|TAMS 0x0000000719200000, 0x0000000719200000| Complete 
| 235|0x0000000719300000, 0x0000000719400000, 0x0000000719400000|100%| E|CS|TAMS 0x0000000719300000, 0x0000000719300000| Complete 
| 236|0x0000000719400000, 0x0000000719500000, 0x0000000719500000|100%| E|CS|TAMS 0x0000000719400000, 0x0000000719400000| Complete 
| 237|0x0000000719500000, 0x0000000719600000, 0x0000000719600000|100%| E|CS|TAMS 0x0000000719500000, 0x0000000719500000| Complete 
| 238|0x0000000719600000, 0x0000000719700000, 0x0000000719700000|100%| E|CS|TAMS 0x0000000719600000, 0x0000000719600000| Complete 
| 239|0x0000000719700000, 0x0000000719800000, 0x0000000719800000|100%| E|CS|TAMS 0x0000000719700000, 0x0000000719700000| Complete 
| 240|0x0000000719800000, 0x0000000719900000, 0x0000000719900000|100%| E|CS|TAMS 0x0000000719800000, 0x0000000719800000| Complete 
| 241|0x0000000719900000, 0x0000000719a00000, 0x0000000719a00000|100%| E|CS|TAMS 0x0000000719900000, 0x0000000719900000| Complete 
| 242|0x0000000719a00000, 0x0000000719b00000, 0x0000000719b00000|100%| E|CS|TAMS 0x0000000719a00000, 0x0000000719a00000| Complete 
| 243|0x0000000719b00000, 0x0000000719c00000, 0x0000000719c00000|100%| E|CS|TAMS 0x0000000719b00000, 0x0000000719b00000| Complete 
| 244|0x0000000719c00000, 0x0000000719d00000, 0x0000000719d00000|100%| E|CS|TAMS 0x0000000719c00000, 0x0000000719c00000| Complete 
| 245|0x0000000719d00000, 0x0000000719e00000, 0x0000000719e00000|100%| E|CS|TAMS 0x0000000719d00000, 0x0000000719d00000| Complete 

Card table byte_map: [0x000001d658210000,0x000001d6589c0000] _byte_map_base: 0x000001d6549bc000

Marking Bits (Prev, Next): (CMBitMap*) 0x000001d63fe7a530, (CMBitMap*) 0x000001d63fe7a4f8
 Prev Bits: [0x000001d65ced0000, 0x000001d660c30000)
 Next Bits: [0x000001d659170000, 0x000001d65ced0000)

Polling page: 0x000001d63dd10000

Metaspace:

Usage:
  Non-class:     20.94 MB capacity,    20.50 MB ( 98%) used,   356.56 KB (  2%) free+waste,    91.56 KB ( <1%) overhead. 
      Class:      3.27 MB capacity,     2.93 MB ( 89%) used,   307.96 KB (  9%) free+waste,    47.25 KB (  1%) overhead. 
       Both:     24.21 MB capacity,    23.43 MB ( 97%) used,   664.52 KB (  3%) free+waste,   138.81 KB ( <1%) overhead. 

Virtual space:
  Non-class space:       22.00 MB reserved,      21.00 MB ( 95%) committed 
      Class space:        1.00 GB reserved,       3.30 MB ( <1%) committed 
             Both:        1.02 GB reserved,      24.30 MB (  2%) committed 

Chunk freelists:
   Non-Class:  1.00 KB
       Class:  8.00 KB
        Both:  9.00 KB

MaxMetaspaceSize: 17179869184.00 GB
CompressedClassSpaceSize: 1.00 GB
Initial GC threshold: 20.80 MB
Current GC threshold: 34.87 MB
CDS: off

CodeHeap 'non-profiled nmethods': size=120000Kb used=1322Kb max_used=1322Kb free=118677Kb
 bounds [0x000001d64ffe0000, 0x000001d650250000, 0x000001d657510000]
CodeHeap 'profiled nmethods': size=120000Kb used=5685Kb max_used=5685Kb free=114315Kb
 bounds [0x000001d648ab0000, 0x000001d649040000, 0x000001d64ffe0000]
CodeHeap 'non-nmethods': size=5760Kb used=1427Kb max_used=1517Kb free=4332Kb
 bounds [0x000001d648510000, 0x000001d648780000, 0x000001d648ab0000]
 total_blobs=3731 nmethods=2980 adapters=663
 compilation: enabled
              stopped_count=0, restarted_count=0
 full_count=0

Compilation events (20 events):
Event: 21.078 Thread 0x000001d664300800 nmethod 2970 0x000001d64903b190 code [0x000001d64903b360, 0x000001d64903b678]
Event: 22.083 Thread 0x000001d664300800 2971       1       com.sun.javafx.scene.SceneEventDispatcher::getLastDispatcher (5 bytes)
Event: 22.084 Thread 0x000001d664300800 nmethod 2971 0x000001d650128d90 code [0x000001d650128f40, 0x000001d650128ff8]
Event: 22.097 Thread 0x000001d664300800 2972   !   3       com.sun.javafx.event.EventQueue::fire (66 bytes)
Event: 22.098 Thread 0x000001d664300800 nmethod 2972 0x000001d64903b790 code [0x000001d64903b9e0, 0x000001d64903c228]
Event: 22.098 Thread 0x000001d664300800 2973       3       com.sun.javafx.util.Logging::getInputLogger (18 bytes)
Event: 22.098 Thread 0x000001d664300800 nmethod 2973 0x000001d64903c610 code [0x000001d64903c7e0, 0x000001d64903c9a8]
Event: 22.104 Thread 0x000001d664300800 2974       3       com.sun.javafx.geom.Vec3d::normalize (38 bytes)
Event: 22.105 Thread 0x000001d664300800 nmethod 2974 0x000001d64903ca90 code [0x000001d64903cc60, 0x000001d64903ce38]
Event: 22.400 Thread 0x000001d6642ff800 2975       4       java.util.EnumMap$EnumMapIterator::hasNext (64 bytes)
Event: 22.402 Thread 0x000001d6642ff800 nmethod 2975 0x000001d650129090 code [0x000001d650129220, 0x000001d650129358]
Event: 86.229 Thread 0x000001d6642ff800 2976       4       com.sun.javafx.tk.quantum.QuantumToolkit::postPulse (133 bytes)
Event: 86.234 Thread 0x000001d6642ff800 nmethod 2976 0x000001d650129790 code [0x000001d650129960, 0x000001d650129bb8]
Event: 86.889 Thread 0x000001d6642ff800 2978       4       com.sun.javafx.tk.quantum.QuantumToolkit$$Lambda$82/0x0000000800117840::run (8 bytes)
Event: 86.894 Thread 0x000001d6642ff800 nmethod 2978 0x000001d650129e90 code [0x000001d65012a060, 0x000001d65012a328]
Event: 273.656 Thread 0x000001d6642ff800 2979       4       jdk.internal.org.objectweb.asm.MethodWriter::visitEnd (1 bytes)
Event: 273.656 Thread 0x000001d6642ff800 nmethod 2979 0x000001d65012a690 code [0x000001d65012a820, 0x000001d65012a878]
Event: 273.657 Thread 0x000001d664300800 2981       3       java.lang.invoke.ConstantCallSite::dynamicInvoker (5 bytes)
Event: 273.657 Thread 0x000001d664300800 nmethod 2981 0x000001d64903cf10 code [0x000001d64903d0e0, 0x000001d64903d348]
Event: 273.657 Thread 0x000001d664300800 2982       3       java.lang.invoke.Invokers::callSiteForm (306 bytes)

GC Heap History (4 events):
Event: 0.965 GC heap before
{Heap before GC invocations=0 (full 0):
 garbage-first heap   total 251904K, used 23552K [0x000000070a800000, 0x0000000800000000)
  region size 1024K, 24 young (24576K), 0 survivors (0K)
 Metaspace       used 12387K, capacity 12680K, committed 12800K, reserved 1060864K
  class space    used 1340K, capacity 1466K, committed 1536K, reserved 1048576K
}
Event: 0.970 GC heap after
{Heap after GC invocations=1 (full 0):
 garbage-first heap   total 251904K, used 2746K [0x000000070a800000, 0x0000000800000000)
  region size 1024K, 3 young (3072K), 3 survivors (3072K)
 Metaspace       used 12387K, capacity 12680K, committed 12800K, reserved 1060864K
  class space    used 1340K, capacity 1466K, committed 1536K, reserved 1048576K
}
Event: 1.747 GC heap before
{Heap before GC invocations=1 (full 0):
 garbage-first heap   total 251904K, used 30394K [0x000000070a800000, 0x0000000800000000)
  region size 1024K, 31 young (31744K), 3 survivors (3072K)
 Metaspace       used 20479K, capacity 21213K, committed 21296K, reserved 1067008K
  class space    used 2546K, capacity 2864K, committed 2864K, reserved 1048576K
}
Event: 1.760 GC heap after
{Heap after GC invocations=2 (full 0):
 garbage-first heap   total 251904K, used 6860K [0x000000070a800000, 0x0000000800000000)
  region size 1024K, 7 young (7168K), 7 survivors (7168K)
 Metaspace       used 20479K, capacity 21213K, committed 21296K, reserved 1067008K
  class space    used 2546K, capacity 2864K, committed 2864K, reserved 1048576K
}

Deoptimization events (20 events):
Event: 11.998 Thread 0x000001d664af7000 DEOPT PACKING pc=0x000001d650071bd8 sp=0x000000a6977f7620
Event: 11.998 Thread 0x000001d664af7000 DEOPT UNPACKING pc=0x000001d64855a1af sp=0x000000a6977f75a0 mode 2
Event: 12.223 Thread 0x000001d664af7000 Uncommon trap: trap_request=0xffffff4d fr.pc=0x000001d650045df4 relative=0x00000000000003b4
Event: 12.224 Thread 0x000001d664af7000 Uncommon trap: reason=unstable_if action=reinterpret pc=0x000001d650045df4 method=java.lang.StringLatin1.canEncode(I)Z @ 4 c2
Event: 12.224 Thread 0x000001d664af7000 DEOPT PACKING pc=0x000001d650045df4 sp=0x000000a6977f75a0
Event: 12.224 Thread 0x000001d664af7000 DEOPT UNPACKING pc=0x000001d64855a1af sp=0x000000a6977f7530 mode 2
Event: 12.224 Thread 0x000001d664af7000 Uncommon trap: trap_request=0xffffff4d fr.pc=0x000001d650019278 relative=0x0000000000000058
Event: 12.224 Thread 0x000001d664af7000 Uncommon trap: reason=unstable_if action=reinterpret pc=0x000001d650019278 method=java.lang.AbstractStringBuilder.isLatin1()Z @ 10 c2
Event: 12.224 Thread 0x000001d664af7000 DEOPT PACKING pc=0x000001d650019278 sp=0x000000a6977f75a0
Event: 12.224 Thread 0x000001d664af7000 DEOPT UNPACKING pc=0x000001d64855a1af sp=0x000000a6977f7530 mode 2
Event: 12.231 Thread 0x000001d664f31000 DEOPT PACKING pc=0x000001d648e91ba8 sp=0x000000a6973fd040
Event: 12.231 Thread 0x000001d664f31000 DEOPT UNPACKING pc=0x000001d64855a95e sp=0x000000a6973fc460 mode 0
Event: 14.264 Thread 0x000001d664f31000 DEOPT PACKING pc=0x000001d648ecaadf sp=0x000000a6973fda30
Event: 14.264 Thread 0x000001d664f31000 DEOPT UNPACKING pc=0x000001d64855a95e sp=0x000000a6973fcec0 mode 0
Event: 14.265 Thread 0x000001d664f31000 DEOPT PACKING pc=0x000001d648ed7b51 sp=0x000000a6973fd910
Event: 14.265 Thread 0x000001d664f31000 DEOPT UNPACKING pc=0x000001d64855a95e sp=0x000000a6973fcd48 mode 0
Event: 15.146 Thread 0x000001d664af7000 Uncommon trap: trap_request=0xffffff4d fr.pc=0x000001d650084cd8 relative=0x0000000000001338
Event: 15.146 Thread 0x000001d664af7000 Uncommon trap: reason=unstable_if action=reinterpret pc=0x000001d650084cd8 method=java.util.concurrent.ConcurrentHashMap.putVal(Ljava/lang/Object;Ljava/lang/Object;Z)Ljava/lang/Object; @ 231 c2
Event: 15.146 Thread 0x000001d664af7000 DEOPT PACKING pc=0x000001d650084cd8 sp=0x000000a6977f7650
Event: 15.146 Thread 0x000001d664af7000 DEOPT UNPACKING pc=0x000001d64855a1af sp=0x000000a6977f75d0 mode 2

Classes redefined (0 events):
No events

Internal exceptions (20 events):
Event: 1.294 Thread 0x000001d664af7000 Exception <a 'sun/nio/fs/WindowsException'{0x0000000718e9aaa0}> (0x0000000718e9aaa0) thrown at [./src/hotspot/share/prims/jni.cpp, line 615]
Event: 1.330 Thread 0x000001d664af7000 Exception <a 'java/lang/NoSuchMethodError'{0x0000000718d4d638}: 'java.lang.Object java.lang.invoke.Invokers$Holder.linkToTargetMethod(java.lang.Object, int, java.lang.Object)'> (0x0000000718d4d638) thrown at [./src/hotspot/share/interpreter/linkResolver.cpp, line 773]
Event: 1.417 Thread 0x000001d664af7000 Exception <a 'sun/nio/fs/WindowsException'{0x0000000718b5cf20}> (0x0000000718b5cf20) thrown at [./src/hotspot/share/prims/jni.cpp, line 615]
Event: 1.435 Thread 0x000001d664af7000 Implicit null exception at 0x000001d65005d595 to 0x000001d65005d964
Event: 1.435 Thread 0x000001d664af7000 Implicit null exception at 0x000001d64fffe378 to 0x000001d64fffe40a
Event: 1.646 Thread 0x000001d664af7000 Exception <a 'java/lang/NoSuchMethodError'{0x000000071822b218}: 'java.lang.Object java.lang.invoke.DirectMethodHandle$Holder.invokeInterface(java.lang.Object, java.lang.Object, java.lang.Object)'> (0x000000071822b218) thrown at [./src/hotspot/share/interpreter/linkResolver.cpp, line 773]
Event: 1.646 Thread 0x000001d664af7000 Exception <a 'java/lang/IncompatibleClassChangeError'{0x000000071822e3d0}: Found class java.lang.Object, but interface was expected> (0x000000071822e3d0) thrown at [./src/hotspot/share/interpreter/linkResolver.cpp, line 839]
Event: 1.716 Thread 0x000001d664af7000 Exception <a 'java/lang/ClassNotFoundException'{0x00000007180abab0}: com/sun/javafx/scene/control/skin/resources/controls> (0x00000007180abab0) thrown at [./src/hotspot/share/prims/jni.cpp, line 636]
Event: 1.717 Thread 0x000001d664af7000 Exception <a 'java/lang/ClassNotFoundException'{0x00000007180b9aa8}: com/sun/javafx/scene/control/skin/resources/controls_ru> (0x00000007180b9aa8) thrown at [./src/hotspot/share/prims/jni.cpp, line 636]
Event: 1.719 Thread 0x000001d664af7000 Exception <a 'java/lang/ClassNotFoundException'{0x00000007180c1420}: com/sun/javafx/scene/control/skin/resources/controls_ru_RU> (0x00000007180c1420) thrown at [./src/hotspot/share/prims/jni.cpp, line 636]
Event: 1.777 Thread 0x000001d664af7000 Exception <a 'java/lang/NoSuchMethodError'{0x0000000719d7e788}: 'void java.lang.invoke.DirectMethodHandle$Holder.invokeSpecial(java.lang.Object, java.lang.Object, java.lang.Object, java.lang.Object, java.lang.Object, java.lang.Object)'> (0x0000000719d7e788) thrown at [./src/hotspot/share/interpreter/linkResolver.cpp, line 773]
Event: 1.889 Thread 0x000001d664f31000 Exception <a 'java/lang/NoSuchMethodError'{0x0000000719801908}: 'int java.lang.invoke.DirectMethodHandle$Holder.invokeStaticInit(java.lang.Object, java.lang.Object)'> (0x0000000719801908) thrown at [./src/hotspot/share/interpreter/linkResolver.cpp, line 773]
Event: 3.879 Thread 0x000001d664af7000 Exception <a 'java/lang/NoSuchMethodError'{0x000000071959e208}: 'long java.lang.invoke.DirectMethodHandle$Holder.invokeStaticInit(java.lang.Object, java.lang.Object, java.lang.Object)'> (0x000000071959e208) thrown at [./src/hotspot/share/interpreter/linkResolver.cpp, line 773]
Event: 3.883 Thread 0x000001d664af7000 Exception <a 'java/lang/NoSuchMethodError'{0x00000007195b6850}: 'java.lang.Object java.lang.invoke.DirectMethodHandle$Holder.invokeStatic(java.lang.Object, java.lang.Object, long)'> (0x00000007195b6850) thrown at [./src/hotspot/share/interpreter/linkResolver.cpp, line 773]
Event: 3.884 Thread 0x000001d664af7000 Exception <a 'java/lang/NoSuchMethodError'{0x00000007195bc9c8}: 'java.lang.Object java.lang.invoke.Invokers$Holder.linkToTargetMethod(java.lang.Object, long, java.lang.Object)'> (0x00000007195bc9c8) thrown at [./src/hotspot/share/interpreter/linkResolver.cpp, line 773]
Event: 15.149 Thread 0x000001d664af7000 Exception <a 'java/lang/NoSuchMethodError'{0x0000000719286978}: <clinit>> (0x0000000719286978) thrown at [./src/hotspot/share/prims/jni.cpp, line 1365]
Event: 19.374 Thread 0x000001d664af7000 Exception <a 'java/lang/NoSuchMethodError'{0x0000000719184828}: 'java.lang.Object java.lang.invoke.DirectMethodHandle$Holder.invokeStatic(java.lang.Object, java.lang.Object, int, int, int, int, int, java.lang.Object)'> (0x0000000719184828) thrown at [./src/hotspot/share/interpreter/linkResolver.cpp, line 773]
Event: 19.376 Thread 0x000001d664af7000 Exception <a 'java/lang/NoSuchMethodError'{0x00000007191959e8}: 'java.lang.Object java.lang.invoke.DirectMethodHandle$Holder.invokeStatic(java.lang.Object, java.lang.Object, java.lang.Object, int, int, int, int, int)'> (0x00000007191959e8) thrown at [./src/hotspot/share/interpreter/linkResolver.cpp, line 773]
Event: 19.376 Thread 0x000001d664af7000 Exception <a 'java/lang/NoSuchMethodError'{0x000000071919ccf8}: 'java.lang.Object java.lang.invoke.Invokers$Holder.linkToTargetMethod(java.lang.Object, java.lang.Object, int, int, int, int, int, java.lang.Object)'> (0x000000071919ccf8) thrown at [./src/hotspot/share/interpreter/linkResolver.cpp, line 773]
Event: 273.657 Thread 0x000001d66538e800 Exception <a 'java/lang/IllegalStateException'{0x0000000719005fc0}> (0x0000000719005fc0) thrown at [./src/hotspot/share/prims/jvm.cpp, line 1310]

Events (20 events):
Event: 273.653 loading class java/util/IdentityHashMap$IdentityHashMapIterator
Event: 273.653 loading class java/util/IdentityHashMap$IdentityHashMapIterator done
Event: 273.653 loading class java/util/IdentityHashMap$KeyIterator done
Event: 273.654 Thread 0x000001d66538e800 Thread added: 0x000001d66538e800
Event: 273.654 Thread 0x000001d66538c800 Thread added: 0x000001d66538c800
Event: 273.654 Executing VM operation: RevokeBias
Event: 273.655 Executing VM operation: RevokeBias done
Event: 273.655 Executing VM operation: RevokeBias
Event: 273.655 Executing VM operation: RevokeBias done
Event: 273.655 Executing VM operation: RevokeBias
Event: 273.655 Executing VM operation: RevokeBias done
Event: 273.655 Executing VM operation: RevokeBias
Event: 273.655 Executing VM operation: RevokeBias done
Event: 273.655 loading class com/sun/javafx/tk/quantum/QuantumRenderer
Event: 273.655 loading class com/sun/javafx/tk/quantum/QuantumRenderer done
Event: 273.655 Thread 0x000001d66538c800 Thread exited: 0x000001d66538c800
Event: 273.656 loading class com/sun/javafx/tk/quantum/QuantumToolkit
Event: 273.656 loading class com/sun/javafx/tk/quantum/QuantumToolkit done
Event: 273.657 Thread 0x000001d66538e800 Thread exited: 0x000001d66538e800
Event: 273.658 Executing VM operation: Exit


Dynamic libraries:
0x00007ff708db0000 - 0x00007ff708dbd000 	C:\Program Files\Microsoft\jdk-11.0.12.7-hotspot\bin\java.exe
0x00007ffa5fd30000 - 0x00007ffa5ff44000 	C:\WINDOWS\SYSTEM32\ntdll.dll
0x00007ffa5f470000 - 0x00007ffa5f534000 	C:\WINDOWS\System32\KERNEL32.DLL
0x00007ffa5d1a0000 - 0x00007ffa5d544000 	C:\WINDOWS\System32\KERNELBASE.dll
0x00007ffa5d660000 - 0x00007ffa5d771000 	C:\WINDOWS\System32\ucrtbase.dll
0x00007ffa1e4d0000 - 0x00007ffa1e4e5000 	C:\Program Files\Microsoft\jdk-11.0.12.7-hotspot\bin\VCRUNTIME140.dll
0x00007ffa19190000 - 0x00007ffa191a7000 	C:\Program Files\Microsoft\jdk-11.0.12.7-hotspot\bin\jli.dll
0x00007ffa5eae0000 - 0x00007ffa5ec8e000 	C:\WINDOWS\System32\USER32.dll
0x00007ffa5d800000 - 0x00007ffa5d826000 	C:\WINDOWS\System32\win32u.dll
0x00007ffa5ede0000 - 0x00007ffa5ee09000 	C:\WINDOWS\System32\GDI32.dll
0x00007ffa5d9a0000 - 0x00007ffa5dab8000 	C:\WINDOWS\System32\gdi32full.dll
0x00007ffa5d550000 - 0x00007ffa5d5ea000 	C:\WINDOWS\System32\msvcp_win.dll
0x00007ffa43e60000 - 0x00007ffa440f3000 	C:\WINDOWS\WinSxS\amd64_microsoft.windows.common-controls_6595b64144ccf1df_6.0.22621.2215_none_270d72677387dfc3\COMCTL32.dll
0x00007ffa5f6a0000 - 0x00007ffa5f747000 	C:\WINDOWS\System32\msvcrt.dll
0x00007ffa5fcb0000 - 0x00007ffa5fce1000 	C:\WINDOWS\System32\IMM32.DLL
0x0000000065480000 - 0x000000006548c000 	C:\Program Files (x86)\360\Total Security\safemon\SafeWrapper.dll
0x00007ffa5ee10000 - 0x00007ffa5eec0000 	C:\WINDOWS\System32\ADVAPI32.dll
0x00007ffa5f930000 - 0x00007ffa5f9d6000 	C:\WINDOWS\System32\sechost.dll
0x00007ffa5ef50000 - 0x00007ffa5f067000 	C:\WINDOWS\System32\RPCRT4.dll
0x00007ffa06950000 - 0x00007ffa069e2000 	C:\Program Files (x86)\360\Total Security\safemon\libzdtp64.dll
0x00007ffa5dac0000 - 0x00007ffa5e2e3000 	C:\WINDOWS\System32\SHELL32.dll
0x00007ffa5f540000 - 0x00007ffa5f59e000 	C:\WINDOWS\System32\SHLWAPI.dll
0x00007ffa5caa0000 - 0x00007ffa5caaa000 	C:\WINDOWS\SYSTEM32\VERSION.dll
0x00007ffa0a0e0000 - 0x00007ffa0a17b000 	C:\Program Files\Microsoft\jdk-11.0.12.7-hotspot\bin\msvcp140.dll
0x00007ff9e0810000 - 0x00007ff9e1371000 	C:\Program Files\Microsoft\jdk-11.0.12.7-hotspot\bin\server\jvm.dll
0x00007ffa5eec0000 - 0x00007ffa5eec8000 	C:\WINDOWS\System32\PSAPI.DLL
0x00007ffa58a40000 - 0x00007ffa58a49000 	C:\WINDOWS\SYSTEM32\WSOCK32.dll
0x00007ffa5ace0000 - 0x00007ffa5ad14000 	C:\WINDOWS\SYSTEM32\WINMM.dll
0x00007ffa5eed0000 - 0x00007ffa5ef41000 	C:\WINDOWS\System32\WS2_32.dll
0x00007ffa5c0c0000 - 0x00007ffa5c0d8000 	C:\WINDOWS\SYSTEM32\kernel.appcore.dll
0x00007ffa35030000 - 0x00007ffa35040000 	C:\Program Files\Microsoft\jdk-11.0.12.7-hotspot\bin\verify.dll
0x00007ffa5a700000 - 0x00007ffa5a92e000 	C:\WINDOWS\SYSTEM32\DBGHELP.DLL
0x00007ffa5f0d0000 - 0x00007ffa5f45a000 	C:\WINDOWS\System32\combase.dll
0x00007ffa5ed00000 - 0x00007ffa5edd7000 	C:\WINDOWS\System32\OLEAUT32.dll
0x00007ffa42cc0000 - 0x00007ffa42cf2000 	C:\WINDOWS\SYSTEM32\dbgcore.DLL
0x00007ffa5d780000 - 0x00007ffa5d7fa000 	C:\WINDOWS\System32\bcryptPrimitives.dll
0x00007ffa0e080000 - 0x00007ffa0e0a8000 	C:\Program Files\Microsoft\jdk-11.0.12.7-hotspot\bin\java.dll
0x00007ffa34040000 - 0x00007ffa3404a000 	C:\Program Files\Microsoft\jdk-11.0.12.7-hotspot\bin\jimage.dll
0x00007ffa58830000 - 0x00007ffa5883e000 	C:\Program Files\Microsoft\jdk-11.0.12.7-hotspot\bin\instrument.dll
0x00007ffa0ebb0000 - 0x00007ffa0ebc7000 	C:\Program Files\Microsoft\jdk-11.0.12.7-hotspot\bin\zip.dll
0x00007ffa5b000000 - 0x00007ffa5b8ea000 	C:\WINDOWS\SYSTEM32\windows.storage.dll
0x00007ffa5aec0000 - 0x00007ffa5affe000 	C:\WINDOWS\SYSTEM32\wintypes.dll
0x00007ffa5f5a0000 - 0x00007ffa5f693000 	C:\WINDOWS\System32\SHCORE.dll
0x00007ffa5d010000 - 0x00007ffa5d036000 	C:\WINDOWS\SYSTEM32\profapi.dll
0x00007ffa0d160000 - 0x00007ffa0d179000 	C:\Program Files\Microsoft\jdk-11.0.12.7-hotspot\bin\net.dll
0x00007ffa58ca0000 - 0x00007ffa58dd7000 	C:\WINDOWS\SYSTEM32\WINHTTP.dll
0x00007ffa5c540000 - 0x00007ffa5c5a9000 	C:\WINDOWS\system32\mswsock.dll
0x00007ffa0b120000 - 0x00007ffa0b132000 	C:\Program Files\Microsoft\jdk-11.0.12.7-hotspot\bin\nio.dll
0x00007ffa57d10000 - 0x00007ffa57d2a000 	D:\IntelliJ IDEA Community Edition 2022.3.2\bin\breakgen64.dll
0x000001d63dd60000 - 0x000001d63dd63000 	C:\Users\nadez\.openjfx\cache\17.0.2-ea\api-ms-win-core-console-l1-1-0.dll
0x000001d63dd70000 - 0x000001d63dd73000 	C:\Users\nadez\.openjfx\cache\17.0.2-ea\api-ms-win-core-console-l1-2-0.dll
0x000001d63dd90000 - 0x000001d63dd93000 	C:\Users\nadez\.openjfx\cache\17.0.2-ea\api-ms-win-core-datetime-l1-1-0.dll
0x000001d63dda0000 - 0x000001d63dda3000 	C:\Users\nadez\.openjfx\cache\17.0.2-ea\api-ms-win-core-debug-l1-1-0.dll
0x000001d63ddb0000 - 0x000001d63ddb3000 	C:\Users\nadez\.openjfx\cache\17.0.2-ea\api-ms-win-core-errorhandling-l1-1-0.dll
0x000001d63ddc0000 - 0x000001d63ddc4000 	C:\Users\nadez\.openjfx\cache\17.0.2-ea\api-ms-win-core-file-l1-1-0.dll
0x000001d63ddd0000 - 0x000001d63ddd3000 	C:\Users\nadez\.openjfx\cache\17.0.2-ea\api-ms-win-core-file-l1-2-0.dll
0x000001d63dde0000 - 0x000001d63dde3000 	C:\Users\nadez\.openjfx\cache\17.0.2-ea\api-ms-win-core-file-l2-1-0.dll
0x000001d63ddf0000 - 0x000001d63ddf3000 	C:\Users\nadez\.openjfx\cache\17.0.2-ea\api-ms-win-core-handle-l1-1-0.dll
0x000001d63de00000 - 0x000001d63de03000 	C:\Users\nadez\.openjfx\cache\17.0.2-ea\api-ms-win-core-heap-l1-1-0.dll
0x000001d63de10000 - 0x000001d63de13000 	C:\Users\nadez\.openjfx\cache\17.0.2-ea\api-ms-win-core-interlocked-l1-1-0.dll
0x000001d63fd10000 - 0x000001d63fd13000 	C:\Users\nadez\.openjfx\cache\17.0.2-ea\api-ms-win-core-libraryloader-l1-1-0.dll
0x000001d63fd20000 - 0x000001d63fd23000 	C:\Users\nadez\.openjfx\cache\17.0.2-ea\api-ms-win-core-localization-l1-2-0.dll
0x000001d63fd30000 - 0x000001d63fd33000 	C:\Users\nadez\.openjfx\cache\17.0.2-ea\api-ms-win-core-memory-l1-1-0.dll
0x000001d63fd40000 - 0x000001d63fd43000 	C:\Users\nadez\.openjfx\cache\17.0.2-ea\api-ms-win-core-namedpipe-l1-1-0.dll
0x000001d63fd50000 - 0x000001d63fd53000 	C:\Users\nadez\.openjfx\cache\17.0.2-ea\api-ms-win-core-processenvironment-l1-1-0.dll
0x000001d63fd60000 - 0x000001d63fd63000 	C:\Users\nadez\.openjfx\cache\17.0.2-ea\api-ms-win-core-processthreads-l1-1-0.dll
0x000001d63fd70000 - 0x000001d63fd73000 	C:\Users\nadez\.openjfx\cache\17.0.2-ea\api-ms-win-core-processthreads-l1-1-1.dll
0x000001d63fd80000 - 0x000001d63fd83000 	C:\Users\nadez\.openjfx\cache\17.0.2-ea\api-ms-win-core-profile-l1-1-0.dll
0x000001d63fd90000 - 0x000001d63fd93000 	C:\Users\nadez\.openjfx\cache\17.0.2-ea\api-ms-win-core-rtlsupport-l1-1-0.dll
0x000001d63fda0000 - 0x000001d63fda3000 	C:\Users\nadez\.openjfx\cache\17.0.2-ea\api-ms-win-core-string-l1-1-0.dll
0x000001d63fdb0000 - 0x000001d63fdb3000 	C:\Users\nadez\.openjfx\cache\17.0.2-ea\api-ms-win-core-synch-l1-1-0.dll
0x000001d63fdc0000 - 0x000001d63fdc3000 	C:\Users\nadez\.openjfx\cache\17.0.2-ea\api-ms-win-core-synch-l1-2-0.dll
0x000001d665ec0000 - 0x000001d665ec3000 	C:\Users\nadez\.openjfx\cache\17.0.2-ea\api-ms-win-core-sysinfo-l1-1-0.dll
0x000001d665ed0000 - 0x000001d665ed3000 	C:\Users\nadez\.openjfx\cache\17.0.2-ea\api-ms-win-core-timezone-l1-1-0.dll
0x000001d665ee0000 - 0x000001d665ee3000 	C:\Users\nadez\.openjfx\cache\17.0.2-ea\api-ms-win-core-util-l1-1-0.dll
0x000001d665ef0000 - 0x000001d665ef3000 	C:\Users\nadez\.openjfx\cache\17.0.2-ea\api-ms-win-crt-conio-l1-1-0.dll
0x000001d665f00000 - 0x000001d665f04000 	C:\Users\nadez\.openjfx\cache\17.0.2-ea\api-ms-win-crt-convert-l1-1-0.dll
0x000001d665f10000 - 0x000001d665f13000 	C:\Users\nadez\.openjfx\cache\17.0.2-ea\api-ms-win-crt-environment-l1-1-0.dll
0x000001d665f20000 - 0x000001d665f23000 	C:\Users\nadez\.openjfx\cache\17.0.2-ea\api-ms-win-crt-filesystem-l1-1-0.dll
0x000001d665f30000 - 0x000001d665f33000 	C:\Users\nadez\.openjfx\cache\17.0.2-ea\api-ms-win-crt-heap-l1-1-0.dll
0x000001d665f40000 - 0x000001d665f43000 	C:\Users\nadez\.openjfx\cache\17.0.2-ea\api-ms-win-crt-locale-l1-1-0.dll
0x000001d665f50000 - 0x000001d665f55000 	C:\Users\nadez\.openjfx\cache\17.0.2-ea\api-ms-win-crt-math-l1-1-0.dll
0x000001d665f60000 - 0x000001d665f65000 	C:\Users\nadez\.openjfx\cache\17.0.2-ea\api-ms-win-crt-multibyte-l1-1-0.dll
0x000001d665f70000 - 0x000001d665f80000 	C:\Users\nadez\.openjfx\cache\17.0.2-ea\api-ms-win-crt-private-l1-1-0.dll
0x000001d665f80000 - 0x000001d665f83000 	C:\Users\nadez\.openjfx\cache\17.0.2-ea\api-ms-win-crt-process-l1-1-0.dll
0x000001d665f90000 - 0x000001d665f94000 	C:\Users\nadez\.openjfx\cache\17.0.2-ea\api-ms-win-crt-runtime-l1-1-0.dll
0x000001d665fa0000 - 0x000001d665fa4000 	C:\Users\nadez\.openjfx\cache\17.0.2-ea\api-ms-win-crt-stdio-l1-1-0.dll
0x000001d665fb0000 - 0x000001d665fb4000 	C:\Users\nadez\.openjfx\cache\17.0.2-ea\api-ms-win-crt-string-l1-1-0.dll
0x000001d665fc0000 - 0x000001d665fc3000 	C:\Users\nadez\.openjfx\cache\17.0.2-ea\api-ms-win-crt-time-l1-1-0.dll
0x000001d665fd0000 - 0x000001d665fd3000 	C:\Users\nadez\.openjfx\cache\17.0.2-ea\api-ms-win-crt-utility-l1-1-0.dll
0x00007ffa302a0000 - 0x00007ffa3039c000 	C:\Users\nadez\.openjfx\cache\17.0.2-ea\ucrtbase.dll
0x00007ffa536e0000 - 0x00007ffa536fa000 	C:\Users\nadez\.openjfx\cache\17.0.2-ea\vcruntime140.dll
0x00007ffa57c00000 - 0x00007ffa57c0c000 	C:\Users\nadez\.openjfx\cache\17.0.2-ea\vcruntime140_1.dll
0x00007ffa4dd80000 - 0x00007ffa4de0d000 	C:\Users\nadez\.openjfx\cache\17.0.2-ea\msvcp140.dll
0x00007ffa51820000 - 0x00007ffa5184a000 	C:\Users\nadez\.openjfx\cache\17.0.2-ea\prism_d3d.dll
0x00007ffa19af0000 - 0x00007ffa19c99000 	C:\WINDOWS\system32\d3d9.dll
0x00007ffa598c0000 - 0x00007ffa598eb000 	C:\WINDOWS\SYSTEM32\dwmapi.dll
0x00007ffa59d50000 - 0x00007ffa59d88000 	C:\WINDOWS\SYSTEM32\dxcore.dll
0x00007ffa597d0000 - 0x00007ffa5987b000 	C:\WINDOWS\system32\uxtheme.dll
0x00007ffa5fb10000 - 0x00007ffa5fcae000 	C:\WINDOWS\System32\ole32.dll
0x00007ffa54b40000 - 0x00007ffa54b8a000 	C:\WINDOWS\SYSTEM32\directxdatabasehelper.dll
0x00007ffa4e2c0000 - 0x00007ffa4e302000 	C:\Users\nadez\.openjfx\cache\17.0.2-ea\glass.dll
0x00007ffa5e2f0000 - 0x00007ffa5e3e9000 	C:\WINDOWS\System32\COMDLG32.dll
0x00007ffa19050000 - 0x00007ffa19189000 	C:\ProgramData\A-Volute\A-Volute.Nahimic\Modules\Scheduled\x64\AudioDevProps2.dll
0x00007ffa5f750000 - 0x00007ffa5f899000 	C:\WINDOWS\System32\MSCTF.dll
0x00007ffa52860000 - 0x00007ffa52874000 	C:\Users\nadez\.openjfx\cache\17.0.2-ea\javafx_font.dll
0x00007ffa5a370000 - 0x00007ffa5a5d7000 	C:\WINDOWS\SYSTEM32\dwrite.dll
0x00007ffa5f9e0000 - 0x00007ffa5fa90000 	C:\WINDOWS\System32\clbcatq.dll
0x00007ffa56330000 - 0x00007ffa564e0000 	C:\WINDOWS\SYSTEM32\WindowsCodecs.dll
0x00007ffa4d260000 - 0x00007ffa4d2be000 	C:\WINDOWS\system32\dataexchange.dll
0x00007ffa53150000 - 0x00007ffa533d2000 	C:\WINDOWS\system32\twinapi.appcore.dll
0x00007ffa4f2c0000 - 0x00007ffa4f2f2000 	C:\Program Files\Common Files\Microsoft Shared\Ink\rtscom.dll
0x00007ffa4ca30000 - 0x00007ffa4cb74000 	C:\WINDOWS\SYSTEM32\textinputframework.dll
0x00007ffa56c70000 - 0x00007ffa56da3000 	C:\WINDOWS\SYSTEM32\CoreMessaging.dll
0x00007ffa547d0000 - 0x00007ffa54b3c000 	C:\WINDOWS\SYSTEM32\CoreUIComponents.dll
0x00007ffa5c7b0000 - 0x00007ffa5c7bc000 	C:\WINDOWS\SYSTEM32\CRYPTBASE.DLL

dbghelp: loaded successfully - version: 4.0.5 - missing functions: none
symbol engine: initialized successfully - sym options: 0x614 - pdb path: .;C:\Program Files\Microsoft\jdk-11.0.12.7-hotspot\bin;C:\WINDOWS\SYSTEM32;C:\WINDOWS\WinSxS\amd64_microsoft.windows.common-controls_6595b64144ccf1df_6.0.22621.2215_none_270d72677387dfc3;C:\Program Files (x86)\360\Total Security\safemon;C:\Program Files\Microsoft\jdk-11.0.12.7-hotspot\bin\server;D:\IntelliJ IDEA Community Edition 2022.3.2\bin;C:\Users\nadez\.openjfx\cache\17.0.2-ea;C:\WINDOWS\System32\DriverStore\FileRepository\u0382083.inf_amd64_56a483f2f33cb58f\B382066;C:\ProgramData\A-Volute\A-Volute.Nahimic\Modules\Scheduled\x64;C:\Program Files\Common Files\Microsoft Shared\Ink

VM Arguments:
jvm_args: -javaagent:D:\IntelliJ IDEA Community Edition 2022.3.2\lib\idea_rt.jar=58519:D:\IntelliJ IDEA Community Edition 2022.3.2\bin -Dfile.encoding=UTF-8 --module-path=C:\Users\nadez\.m2\repository\org\openjfx\javafx-base\17.0.2\javafx-base-17.0.2-win.jar;C:\Users\nadez\.m2\repository\org\openjfx\javafx-controls\17.0.2\javafx-controls-17.0.2-win.jar;C:\Users\nadez\Car\target\classes;C:\Users\nadez\.m2\repository\org\openjfx\javafx-fxml\17.0.2\javafx-fxml-17.0.2-win.jar;C:\Users\nadez\.m2\repository\org\openjfx\javafx-graphics\17.0.2\javafx-graphics-17.0.2-win.jar -Djdk.module.main=com.example.car 
java_command: com.example.car/com.example.car.Main
java_class_path (initial): C:\Users\nadez\.m2\repository\org\openjfx\javafx-controls\17.0.2\javafx-controls-17.0.2.jar;C:\Users\nadez\.m2\repository\org\openjfx\javafx-graphics\17.0.2\javafx-graphics-17.0.2.jar;C:\Users\nadez\.m2\repository\org\openjfx\javafx-base\17.0.2\javafx-base-17.0.2.jar;C:\Users\nadez\.m2\repository\org\openjfx\javafx-fxml\17.0.2\javafx-fxml-17.0.2.jar
Launcher Type: SUN_STANDARD

[Global flags]
     intx CICompilerCount                          = 4                                         {product} {ergonomic}
     uint ConcGCThreads                            = 3                                         {product} {ergonomic}
     uint G1ConcRefinementThreads                  = 10                                        {product} {ergonomic}
   size_t G1HeapRegionSize                         = 1048576                                   {product} {ergonomic}
    uintx GCDrainStackTargetSize                   = 64                                        {product} {ergonomic}
   size_t InitialHeapSize                          = 257949696                                 {product} {ergonomic}
   size_t MarkStackSize                            = 4194304                                   {product} {ergonomic}
   size_t MaxHeapSize                              = 4118806528                                {product} {ergonomic}
   size_t MaxNewSize                               = 2470445056                                {product} {ergonomic}
   size_t MinHeapDeltaBytes                        = 1048576                                   {product} {ergonomic}
    uintx NonNMethodCodeHeapSize                   = 5836300                                {pd product} {ergonomic}
    uintx NonProfiledCodeHeapSize                  = 122910970                              {pd product} {ergonomic}
    uintx ProfiledCodeHeapSize                     = 122910970                              {pd product} {ergonomic}
    uintx ReservedCodeCacheSize                    = 251658240                              {pd product} {ergonomic}
     bool SegmentedCodeCache                       = true                                      {product} {ergonomic}
     bool UseCompressedClassPointers               = true                                 {lp64_product} {ergonomic}
     bool UseCompressedOops                        = true                                 {lp64_product} {ergonomic}
     bool UseG1GC                                  = true                                      {product} {ergonomic}
     bool UseLargePagesIndividualAllocation        = false                                  {pd product} {ergonomic}

Logging:
Log output configuration:
 #0: stdout all=warning uptime,level,tags
 #1: stderr all=off uptime,level,tags

Environment Variables:
PATH=C:\app\nadez\product\21c\dbhomeXE\bin;C:\Program Files\Microsoft\jdk-11.0.12.7-hotspot\bin;C:\WINDOWS\system32;C:\WINDOWS;C:\WINDOWS\System32\Wbem;C:\WINDOWS\System32\WindowsPowerShell\v1.0\;C:\WINDOWS\System32\OpenSSH\;C:\Program Files\Microsoft SQL Server\150\Tools\Binn\;D:\Git\cmd;D:\;C:\Program Files\Wolfram Research\WolframScript\;C:\Program Files (x86)\Wolfram Research\WolframScript\;C:\Program Files\MySQL\MySQL Server 8.0\bin;C:\Program Files\MySQL\MySQL Shell 8.0\bin\;C:\Users\nadez\AppData\Local\Microsoft\WindowsApps;D:\Microsoft VS Code\bin;C:\Users\nadez\AppData\Roaming\npm
USERNAME=nadez
OS=Windows_NT
PROCESSOR_IDENTIFIER=AMD64 Family 23 Model 104 Stepping 1, AuthenticAMD



---------------  S Y S T E M  ---------------

OS: Windows 10 , 64 bit Build 22621 (10.0.22621.2215)
OS uptime: 23 days 6:28 hours

CPU:total 12 (initial active 12) (12 cores per cpu, 2 threads per core) family 23 model 104 stepping 1 microcode 0x0, cmov, cx8, fxsr, mmx, sse, sse2, sse3, ssse3, sse4.1, sse4.2, popcnt, avx, avx2, aes, clmul, mmxext, 3dnowpref, lzcnt, sse4a, ht, tsc, tscinvbit, tscinv, bmi1, bmi2, adx, sha, fma

Memory: 4k page, system-wide physical 15706M (5963M free)
TotalPageFile size 20125M (AvailPageFile size 3926M)
current process WorkingSet (physical memory assigned to process): 137M, peak: 180M
current process commit charge ("private bytes"): 397M, peak: 456M

vm_info: OpenJDK 64-Bit Server VM (11.0.12+7) for windows-amd64 JRE (11.0.12+7), built on Jul 21 2021 15:41:43 by "" with unknown MS VC++:1916

END.
